Object in position (0,0) moved to (0,1)
 y\x  0 1 2 3 4
  5: -----------
  4: | | | | | |
  3: |O| |O| |O|
  2: | |O|O| | |
  1: |N| |O| | |
  0: | | | | | |
 -1: -----------

Object in position (0,1) moved to (2,1)
 y\x  0 1 2 3 4
  5: -----------
  4: | | | | | |
  3: |O| |O| |O|
  2: | |O|O| | |
  1: | | |NE| | |
  0: | | | | | |
 -1: -----------

Object in position (2,1) moved to (3,0)
 y\x  0 1 2 3 4
  5: -----------
  4: | | | | | |
  3: |O| |O| |O|
  2: | |O|O| | |
  1: | | |O| | |
  0: | | | |SE| |
 -1: -----------

Object in position (3,0) moved to (3,0)
 y\x  0 1 2 3 4
  5: -----------
  4: | | | | | |
  3: |O| |O| |O|
  2: | |O|O| | |
  1: | | |O| | |
  0: | | | |NW| |
 -1: -----------

Object in position (3,0) moved to (4,0)
 y\x  0 1 2 3 4
  5: -----------
  4: | | | | | |
  3: |O| |O| |O|
  2: | |O|O| | |
  1: | | |O| | |
  0: | | | | |E|
 -1: -----------

Object in position (4,0) moved to (4,1)
 y\x  0 1 2 3 4
  5: -----------
  4: | | | | | |
  3: |O| |O| |O|
  2: | |O|O| | |
  1: | | |O| |N|
  0: | | | | | |
 -1: -----------

Object in position (4,1) moved to (0,2)
 y\x  0 1 2 3 4
  5: -----------
  4: | | | | | |
  3: |O| |O| |O|
  2: |NE|O|O| | |
  1: | | |O| | |
  0: | | | | | |
 -1: -----------

Object in position (0,2) moved to (1,1)
 y\x  0 1 2 3 4
  5: -----------
  4: | | | | | |
  3: |O| |O| |O|
  2: | |O|O| | |
  1: | |SE|O| | |
  0: | | | | | |
 -1: -----------

Object in position (1,1) moved to (0,0)
 y\x  0 1 2 3 4
  5: -----------
  4: | | | | | |
  3: |O| |O| |O|
  2: | |O|O| | |
  1: | | |O| | |
  0: |SW| | | | |
 -1: -----------

Object in position (0,0) moved to (1,0)
 y\x  0 1 2 3 4
  5: -----------
  4: | | | | | |
  3: |O| |O| |O|
  2: | |O|O| | |
  1: | | |O| | |
  0: | |E| | | |
 -1: -----------

Object in position (1,0) moved to (1,1)
 y\x  0 1 2 3 4
  5: -----------
  4: | | | | | |
  3: |O| |O| |O|
  2: | |O|O| | |
  1: | |N|O| | |
  0: | | | | | |
 -1: -----------

Object in position (1,1) moved to (2,3)
 y\x  0 1 2 3 4
  5: -----------
  4: | | | | | |
  3: |O| |NE| |O|
  2: | |O|O| | |
  1: | | |O| | |
  0: | | | | | |
 -1: -----------

Object in position (2,3) moved to (3,2)
 y\x  0 1 2 3 4
  5: -----------
  4: | | | | | |
  3: |O| |O| |O|
  2: | |O|O|SE| |
  1: | | |O| | |
  0: | | | | | |
 -1: -----------

Object in position (3,2) moved to (1,2)
 y\x  0 1 2 3 4
  5: -----------
  4: | | | | | |
  3: |O| |O| |O|
  2: | |SW|O| | |
  1: | | |O| | |
  0: | | | | | |
 -1: -----------

Object in position (1,2) moved to (2,3)
 y\x  0 1 2 3 4
  5: -----------
  4: | | | | | |
  3: |O| |E| |O|
  2: | |O|O| | |
  1: | | |O| | |
  0: | | | | | |
 -1: -----------

Object in position (2,3) moved to (2,4)
 y\x  0 1 2 3 4
  5: -----------
  4: | | |N| | |
  3: |O| |O| |O|
  2: | |O|O| | |
  1: | | |O| | |
  0: | | | | | |
 -1: -----------

Object in position (2,4) moved to (2,4)
 y\x  0 1 2 3 4
  5: -----------
  4: | | |SW| | |
  3: |O| |O| |O|
  2: | |O|O| | |
  1: | | |O| | |
  0: | | | | | |
 -1: -----------

Object in position (2,4) moved to (3,3)
 y\x  0 1 2 3 4
  5: -----------
  4: | | | | | |
  3: |O| |O|SE|O|
  2: | |O|O| | |
  1: | | |O| | |
  0: | | | | | |
 -1: -----------

Object in position (3,3) moved to (2,3)
 y\x  0 1 2 3 4
  5: -----------
  4: | | | | | |
  3: |O| |SW| |O|
  2: | |O|O| | |
  1: | | |O| | |
  0: | | | | | |
 -1: -----------

Object in position (2,3) moved to (3,3)
 y\x  0 1 2 3 4
  5: -----------
  4: | | | | | |
  3: |O| |O|E|O|
  2: | |O|O| | |
  1: | | |O| | |
  0: | | | | | |
 -1: -----------

Object in position (3,3) moved to (3,4)
 y\x  0 1 2 3 4
  5: -----------
  4: | | | |N| |
  3: |O| |O| |O|
  2: | |O|O| | |
  1: | | |O| | |
  0: | | | | | |
 -1: -----------

Object in position (3,4) moved to (3,4)
 y\x  0 1 2 3 4
  5: -----------
  4: | | | |SW| |
  3: |O| |O| |O|
  2: | |O|O| | |
  1: | | |O| | |
  0: | | | | | |
 -1: -----------

Object in position (3,4) moved to (0,3)
 y\x  0 1 2 3 4
  5: -----------
  4: | | | | | |
  3: |SE| |O| |O|
  2: | |O|O| | |
  1: | | |O| | |
  0: | | | | | |
 -1: -----------

Object in position (0,3) moved to (4,2)
 y\x  0 1 2 3 4
  5: -----------
  4: | | | | | |
  3: |O| |O| |O|
  2: | |O|O| |SW|
  1: | | |O| | |
  0: | | | | | |
 -1: -----------

Object in position (4,2) moved to (0,2)
 y\x  0 1 2 3 4
  5: -----------
  4: | | | | | |
  3: |O| |O| |O|
  2: |E|O|O| | |
  1: | | |O| | |
  0: | | | | | |
 -1: -----------

Object in position (0,2) moved to (4,3)
 y\x  0 1 2 3 4
  5: -----------
  4: | | | | | |
  3: |O| |O| |N|
  2: | |O|O| | |
  1: | | |O| | |
  0: | | | | | |
 -1: -----------

Object in position (4,3) moved to (0,4)
 y\x  0 1 2 3 4
  5: -----------
  4: |NE| | | | |
  3: |O| |O| |O|
  2: | |O|O| | |
  1: | | |O| | |
  0: | | | | | |
 -1: -----------

Object in position (0,4) moved to (1,3)
 y\x  0 1 2 3 4
  5: -----------
  4: | | | | | |
  3: |O|SE|O| |O|
  2: | |O|O| | |
  1: | | |O| | |
  0: | | | | | |
 -1: -----------

Object in position (1,3) moved to (0,2)
 y\x  0 1 2 3 4
  5: -----------
  4: | | | | | |
  3: |O| |O| |O|
  2: |SW|O|O| | |
  1: | | |O| | |
  0: | | | | | |
 -1: -----------

Object in position (0,2) moved to (2,1)
 y\x  0 1 2 3 4
  5: -----------
  4: | | | | | |
  3: |O| |O| |O|
  2: | |O|O| | |
  1: | | |E| | |
  0: | | | | | |
 -1: -----------

Object in position (2,1) moved to (2,3)
 y\x  0 1 2 3 4
  5: -----------
  4: | | | | | |
  3: |O| |N| |O|
  2: | |O|O| | |
  1: | | |O| | |
  0: | | | | | |
 -1: -----------

Object in position (2,3) moved to (3,4)
 y\x  0 1 2 3 4
  5: -----------
  4: | | | |NE| |
  3: |O| |O| |O|
  2: | |O|O| | |
  1: | | |O| | |
  0: | | | | | |
 -1: -----------

Object in position (3,4) moved to (0,3)
 y\x  0 1 2 3 4
  5: -----------
  4: | | | | | |
  3: |SE| |O| |O|
  2: | |O|O| | |
  1: | | |O| | |
  0: | | | | | |
 -1: -----------

Object in position (0,3) moved to (4,2)
 y\x  0 1 2 3 4
  5: -----------
  4: | | | | | |
  3: |O| |O| |O|
  2: | |O|O| |SW|
  1: | | |O| | |
  0: | | | | | |
 -1: -----------

Object in position (4,2) moved to (0,2)
 y\x  0 1 2 3 4
  5: -----------
  4: | | | | | |
  3: |O| |O| |O|
  2: |E|O|O| | |
  1: | | |O| | |
  0: | | | | | |
 -1: -----------

Object in position (0,2) moved to (4,3)
 y\x  0 1 2 3 4
  5: -----------
  4: | | | | | |
  3: |O| |O| |N|
  2: | |O|O| | |
  1: | | |O| | |
  0: | | | | | |
 -1: -----------

Object in position (4,3) moved to (0,4)
 y\x  0 1 2 3 4
  5: -----------
  4: |NE| | | | |
  3: |O| |O| |O|
  2: | |O|O| | |
  1: | | |O| | |
  0: | | | | | |
 -1: -----------

Object in position (0,4) moved to (1,3)
 y\x  0 1 2 3 4
  5: -----------
  4: | | | | | |
  3: |O|SE|O| |O|
  2: | |O|O| | |
  1: | | |O| | |
  0: | | | | | |
 -1: -----------

Object in position (1,3) moved to (0,2)
 y\x  0 1 2 3 4
  5: -----------
  4: | | | | | |
  3: |O| |O| |O|
  2: |SW|O|O| | |
  1: | | |O| | |
  0: | | | | | |
 -1: -----------

Object in position (0,2) moved to (2,1)
 y\x  0 1 2 3 4
  5: -----------
  4: | | | | | |
  3: |O| |O| |O|
  2: | |O|O| | |
  1: | | |E| | |
  0: | | | | | |
 -1: -----------

Object in position (2,1) moved to (2,3)
 y\x  0 1 2 3 4
  5: -----------
  4: | | | | | |
  3: |O| |N| |O|
  2: | |O|O| | |
  1: | | |O| | |
  0: | | | | | |
 -1: -----------

Object in position (2,3) moved to (3,4)
 y\x  0 1 2 3 4
  5: -----------
  4: | | | |NE| |
  3: |O| |O| |O|
  2: | |O|O| | |
  1: | | |O| | |
  0: | | | | | |
 -1: -----------

Object in position (3,4) moved to (0,3)
 y\x  0 1 2 3 4
  5: -----------
  4: | | | | | |
  3: |SE| |O| |O|
  2: | |O|O| | |
  1: | | |O| | |
  0: | | | | | |
 -1: -----------

Object in position (0,3) moved to (4,2)
 y\x  0 1 2 3 4
  5: -----------
  4: | | | | | |
  3: |O| |O| |O|
  2: | |O|O| |SW|
  1: | | |O| | |
  0: | | | | | |
 -1: -----------

Object in position (4,2) moved to (0,2)
 y\x  0 1 2 3 4
  5: -----------
  4: | | | | | |
  3: |O| |O| |O|
  2: |E|O|O| | |
  1: | | |O| | |
  0: | | | | | |
 -1: -----------

Object in position (0,2) moved to (4,3)
 y\x  0 1 2 3 4
  5: -----------
  4: | | | | | |
  3: |O| |O| |N|
  2: | |O|O| | |
  1: | | |O| | |
  0: | | | | | |
 -1: -----------

Object in position (4,3) moved to (0,4)
 y\x  0 1 2 3 4
  5: -----------
  4: |NE| | | | |
  3: |O| |O| |O|
  2: | |O|O| | |
  1: | | |O| | |
  0: | | | | | |
 -1: -----------

Object in position (0,4) moved to (1,3)
 y\x  0 1 2 3 4
  5: -----------
  4: | | | | | |
  3: |O|SE|O| |O|
  2: | |O|O| | |
  1: | | |O| | |
  0: | | | | | |
 -1: -----------

Object in position (1,3) moved to (0,2)
 y\x  0 1 2 3 4
  5: -----------
  4: | | | | | |
  3: |O| |O| |O|
  2: |SW|O|O| | |
  1: | | |O| | |
  0: | | | | | |
 -1: -----------

Object in position (0,2) moved to (2,1)
 y\x  0 1 2 3 4
  5: -----------
  4: | | | | | |
  3: |O| |O| |O|
  2: | |O|O| | |
  1: | | |E| | |
  0: | | | | | |
 -1: -----------

