Object in position (0,0) moved to (0,1)
 y\x  0 1 2 3 4 5 6 7 8 91011121314
 15: -------------------------------
 14: | | | | | | | | | | | | | | | |
 13: | | | | | | | | | | | | | | | |
 12: | | | | | | | | | | |O| | | | |
 11: | | | | | | | | | | |O| | | | |
 10: | | | | | | | | | | | | | | | |
  9: | | | | | | | | | | | | | | | |
  8: | | | | | | | | | | | | | | | |
  7: | |O| | | | | | | | | | | | | |
  6: | | | | | | | | | | | | | | | |
  5: | | | | | | | | | | | | | | | |
  4: | | | | | | | | | | | |O| | | |
  3: | | | | | | | | | | | | | | | |
  2: | | | | | | | |S 10| | | | | | | |
  1: |N 9| | | | |*| | |O| | | | | | |
  0: | | | | | | | | | | | |O| | | |
 -1: -------------------------------

Object in position (7,2) moved to (6,2)
 y\x  0 1 2 3 4 5 6 7 8 91011121314
 15: -------------------------------
 14: | | | | | | | | | | | | | | | |
 13: | | | | | | | | | | | | | | | |
 12: | | | | | | | | | | |O| | | | |
 11: | | | | | | | | | | |O| | | | |
 10: | | | | | | | | | | | | | | | |
  9: | | | | | | | | | | | | | | | |
  8: | | | | | | | | | | | | | | | |
  7: | |O| | | | | | | | | | | | | |
  6: | | | | | | | | | | | | | | | |
  5: | | | | | | | | | | | | | | | |
  4: | | | | | | | | | | | |O| | | |
  3: | | | | | | | | | | | | | | | |
  2: | | | | | | |W 9| | | | | | | | |
  1: |N 9| | | | |*| | |O| | | | | | |
  0: | | | | | | | | | | | |O| | | |
 -1: -------------------------------

Object in position (0,1) moved to (1,2)
 y\x  0 1 2 3 4 5 6 7 8 91011121314
 15: -------------------------------
 14: | | | | | | | | | | | | | | | |
 13: | | | | | | | | | | | | | | | |
 12: | | | | | | | | | | |O| | | | |
 11: | | | | | | | | | | |O| | | | |
 10: | | | | | | | | | |*| | | | | |
  9: | | | | | | | | | | | | | | | |
  8: | | | | | | | | | | | | | | | |
  7: | |O| | | |*| | | | | | | | | |
  6: |*| | | | | | | |*| |*| | | | |
  5: | | | | | | | | | | | | | | | |
  4: | | | | | | | | | | | |O| | | |
  3: | | | | | | | | | | | | | | | |
  2: | |NE 8| | | | |W 9| | | | | | | | |
  1: | | | | | |*| | |O| | | | | | |
  0: | | | | | | | | | | | |O| | | |
 -1: -------------------------------

Object in position (6,2) moved to (5,2)
 y\x  0 1 2 3 4 5 6 7 8 91011121314
 15: -------------------------------
 14: | | | | | | | | | | | | | | | |
 13: | | | | | | | | | | | | | | | |
 12: | | | | | | | | | | |O| | | | |
 11: | | | | | | | | | | |O| | | | |
 10: | | | | | | | | | |*| | | | | |
  9: | | | | | | | | | | | | | | | |
  8: | | | | | | | | | | | | | | | |
  7: | |O| | | |*| | | | | | | | | |
  6: |*| | | | | | | |*| |*| | | | |
  5: | | | | | | | | | | | | | | | |
  4: | | | | | | | | | | | |O| | | |
  3: | | | | | | | | | | | | | | | |
  2: | |NE 8| | | |W 8| | | | | | | | | |
  1: | | | | | |*| | |O| | | | | | |
  0: | | | | | | | | | | | |O| | | |
 -1: -------------------------------

Object in position (1,2) moved to (2,2)
 y\x  0 1 2 3 4 5 6 7 8 91011121314
 15: -------------------------------
 14: | | | | | | | | | | | | | | | |
 13: | | | |*| | | | | | | | | | | |
 12: | | | | | | | | | | |O| | | | |
 11: | | | | | | | | | | |O| | | | |
 10: | | |*| | | | | | |*| | | | | |
  9: | | | | | | | | | | | | |*| | |
  8: | | | | | | | | | | | | | | | |
  7: | |O| | | |*| | | | | | | | | |
  6: |*| | | | | | | |*| |*| | | | |
  5: | | | | | | | | | | |*| | | | |
  4: | | | | | | | | | | | |O| | | |
  3: | | | | | | | | | | | | | | | |
  2: | | |E 7| | |W 8| | | | | | | | | |
  1: | | | | | |*| | |O| | | | | | |
  0: | | | |*| | | | | | | |O| | | |
 -1: -------------------------------

Object in position (5,2) moved to (6,1)
 y\x  0 1 2 3 4 5 6 7 8 91011121314
 15: -------------------------------
 14: | | | | | | | | | | | | | | | |
 13: | | | |*| | | | | | | | | | | |
 12: | | | | | | | | | | |O| | | | |
 11: | | | | | | | | | | |O| | | | |
 10: | | |*| | | | | | |*| | | | | |
  9: | | | | | | | | | | | | |*| | |
  8: | | | | | | | | | | | | | | | |
  7: | |O| | | |*| | | | | | | | | |
  6: |*| | | | | | | |*| |*| | | | |
  5: | | | | | | | | | | |*| | | | |
  4: | | | | | | | | | | | |O| | | |
  3: | | | | | | | | | | | | | | | |
  2: | | |E 7| | | | | | | | | | | | |
  1: | | | | | |*|SE 7| |O| | | | | | |
  0: | | | |*| | | | | | | |O| | | |
 -1: -------------------------------

Object in position (2,2) moved to (3,1)
 y\x  0 1 2 3 4 5 6 7 8 91011121314
 15: -------------------------------
 14: | | | | | | | | | | | | | | | |
 13: | | | |*| | | | | | | | | | | |
 12: | | | | | | | | | | |O| | | | |
 11: | | | | | | | | | | |O| | | | |
 10: | | |*| | | | | | |*| | | | | |
  9: | | | | | | | | | | | | |*| | |
  8: | | | | | | | | | | | | | | | |
  7: | |O| | | |*| | | | | | | | | |
  6: |*| | | | | | | |*| |*| | | | |
  5: | | |*| | | | | |*| |*| | | | |
  4: | | | | | | | | | | |*|O| | | |
  3: | | | | | | | | | | | | | | | |
  2: | | | | | | | |*| | | | | | | |
  1: | | | |SE 6| |*|SE 7| |O| | | | | | |
  0: | | | |*| | | | | |*| |O| | | |
 -1: -------------------------------

Object in position (6,1) moved to (7,1)
 y\x  0 1 2 3 4 5 6 7 8 91011121314
 15: -------------------------------
 14: | | | | | | | | | | | | | | | |
 13: | | | |*| | | | | | | | | | | |
 12: | | | | | | | | | | |O| | | | |
 11: | | | | | | | | | | |O| | | | |
 10: | | |*| | | | | | |*| | | | | |
  9: | | | | | | | | | | | | |*| | |
  8: | | | | | | | | | | | | | | | |
  7: | |O| | | |*| | | | | | | | | |
  6: |*| | | | | | | |*| |*| | | | |
  5: | | |*| | | | | |*| |*| | | | |
  4: | | | | | | | | | | |*|O| | | |
  3: | | | | | | | | | | | | | | | |
  2: | | | | | | | |*| | | | | | | |
  1: | | | |SE 6| |*| |E 6|O| | | | | | |
  0: | | | |*| | | | | |*| |O| | | |
 -1: -------------------------------

Object in position (7,1) moved to (8,2)
 y\x  0 1 2 3 4 5 6 7 8 91011121314
 15: -------------------------------
 14: | | | | | | | | | | | | | | | |
 13: | | | |*| | | | | | | | | | | |
 12: | | | | | | | | | | |O| | | | |
 11: | | | | | | | | | | |O| | | | |
 10: | | |*| | | | | | |*| | | | | |
  9: | | | | | | | | |*| | | |*| | |
  8: | | | | | | | | |*| | | | | | |
  7: | |O| | | |*| | | | | | | | | |
  6: |*| | | | | | | |*| |*| | | | |
  5: | | |*| | | | | |*| |*| | | | |
  4: | | | | | | | | | | |*|O| | | |
  3: | | | |*| | | | | | | | | | | |
  2: | |*| | | | | |*|NE 5| | | | | | |
  1: | | | |SE 6|*|*| | |O| | | | | | |
  0: | | | |*| | | | | |*| |O| | | |
 -1: -------------------------------

Object in position (3,1) moved to (3,0)
 y\x  0 1 2 3 4 5 6 7 8 91011121314
 15: -------------------------------
 14: | | | | | | | | | | | | | | | |
 13: | | | |*| | | | | | | | | | | |
 12: | | | | | | | | | | |O| | | | |
 11: | | | | | | | | | | |O| | | | |
 10: | | |*| | | | | | |*| | | | | |
  9: | | | | | | | | |*| | | |*| | |
  8: | | | | | | | | |*| | | | | | |
  7: | |O| | | |*| | | | | | | | | |
  6: |*| | | | | | | |*| |*| | | | |
  5: | | |*| | | | | |*| |*| | | | |
  4: | | | | | | | | | | |*|O| | | |
  3: | | | |*| | | | | | | | | | | |
  2: | |*| | | | | |*|NE 5| | | | | | |
  1: | | | | |*|*| | |O| | | | | | |
  0: | | | |S 5| | | | | |*| |O| | | |
 -1: -------------------------------

Object in position (8,2) moved to (7,2)
 y\x  0 1 2 3 4 5 6 7 8 91011121314
 15: -------------------------------
 14: | | | | | | | | | | | | | | | |
 13: | | | |*| | | | | | | | | | | |
 12: | | | | | | | | | | |O| | | | |
 11: | | | | | | | | | | |O| | | | |
 10: | | |*| | | |*| | |*| | | | | |
  9: | | | | | | | | |*| | | |*| | |
  8: | | | | | | |*| |*| | | | | | |
  7: | |O| | | |*| | |*| | | | | | |
  6: |*| | | | | | | |*| |*| | | | |
  5: | | |*| | | | | |*| |*| | | | |
  4: | | | | | | | | |*| |*|O| | | |
  3: | | | |*| | | | | | | | | | | |
  2: | |*| | | | | |W 4| | | | | | | |
  1: | | | | |*|*| | |O| | | | | | |
  0: | | | |S 6| | |*| | |*| |O| | | |
 -1: -------------------------------

Object in position (3,0) moved to (3,1)
 y\x  0 1 2 3 4 5 6 7 8 91011121314
 15: -------------------------------
 14: | | | | | | | | | | | | | | | |
 13: | | | |*| | | | | | | | | | | |
 12: | | | | | | | | | | |O| | | | |
 11: | | | | | | | | | | |O| | | | |
 10: | | |*| | | |*| | |*| | | | | |
  9: | | | | | | | | |*| | | |*| | |
  8: | | | | | | |*| |*| | | | | | |
  7: | |O| | | |*| | |*| | | | | | |
  6: |*| | | | | | | |*| |*| | | | |
  5: | | |*| | | | | |*| |*| | | | |
  4: | | | | | | | | |*| |*|O| | | |
  3: | | | |*| | | | | | | | | | | |
  2: | |*| | | | | |W 4| | | | | | | |
  1: | | | |N 5|*|*| | |O| | | | | | |
  0: | | | | | | |*| | |*| |O| | | |
 -1: -------------------------------

Object in position (7,2) moved to (6,2)
 y\x  0 1 2 3 4 5 6 7 8 91011121314
 15: -------------------------------
 14: | | | | | | | | | | | | | | | |
 13: | | | |*| | | | | | | | | | | |
 12: | | | | | | | | | | |O| | |*| |
 11: | | | | | | | | | | |O| | | | |
 10: | | |*| | | |*| | |*| | | | | |
  9: | | | | | | | | |*| | | |*| | |
  8: | | | | | | |*| |*| |*| | | | |
  7: | |O| | | |*| | |*| | | | | | |
  6: |*| | | | | | | |*| |*| | | | |
  5: | | |*|*| | | | |*|*|*| | | | |
  4: | | | | | | | | |*| |*|O| | | |
  3: | | | |*| | | |*| | | | | | | |
  2: | |*| | | | |W 4| | | | | | | | |
  1: | | | |N 5|*|*| | |O| | | | | | |
  0: | | | | | | |*| | |*| |O| | | |
 -1: -------------------------------

Object in position (3,1) moved to (4,2)
 y\x  0 1 2 3 4 5 6 7 8 91011121314
 15: -------------------------------
 14: | | | | | | | | | | | | | | | |
 13: | | | |*| | | | | | | | | | | |
 12: | | | | | | | | | | |O| | |*| |
 11: | | | | | | | | | | |O| | | | |
 10: | | |*| | | |*| | |*| | | | | |
  9: | | | | | | | | |*| | | |*| | |
  8: | | | | | | |*| |*| |*| | | | |
  7: | |O| | | |*| | |*| | | | | | |
  6: |*| | | | | | | |*| |*| | | | |
  5: | | |*|*| | | | |*|*|*| | | | |
  4: | | | | | | | | |*| |*|O| | | |
  3: | | | |*| | | |*| | | | | | | |
  2: | |*| | |NE 4| |W 4| | | | | | | | |
  1: | | | | |*|*| | |O| | | | | | |
  0: | | | | | | |*| | |*| |O| | | |
 -1: -------------------------------

Object in position (6,2) moved to (7,1)
 y\x  0 1 2 3 4 5 6 7 8 91011121314
 15: -------------------------------
 14: | | | | | | | | | | | | | | | |
 13: |*| | |*| | | | | | | | | | | |
 12: | | | | | | | | | | |O| | |*| |
 11: | | | | | | | | | | |O| | | | |
 10: | | |*| | | |*| | |*|*| | | | |
  9: | | | | | | | | |*| | | |*| | |
  8: |*| | | | | |*| |*|*|*| | | | |
  7: | |O| | | |*| | |*| | | | | | |
  6: |*| | | |*| | | |*| |*| | | | |
  5: | | |*|*| | | | |*|*|*| | | | |
  4: | | | | | | | | |*| |*|O| | | |
  3: | | | |*| | | |*| | | | | | | |
  2: | |*| | |NE 4| | | | | | | | | | |
  1: | | | | |*|*| |SE 3|O| | | | | | |
  0: | | | | | | |*| | |*| |O| | | |
 -1: -------------------------------

Object in position (4,2) moved to (5,2)
 y\x  0 1 2 3 4 5 6 7 8 91011121314
 15: -------------------------------
 14: | | | | | | | | | | | | | | | |
 13: |*| | |*| | | | | | | | | | | |
 12: | | | | | | | | | | |O| | |*| |
 11: | | | | | | | | | | |O| | | | |
 10: | | |*| | | |*| | |*|*| | | | |
  9: | | | | | | | | |*| | | |*| | |
  8: |*| | | | | |*| |*|*|*| | | | |
  7: | |O| | | |*| | |*| | | | | | |
  6: |*| | | |*| | | |*| |*| | | | |
  5: | | |*|*| | | | |*|*|*| | | | |
  4: | | | | | | | | |*| |*|O| | | |
  3: | | | |*| | | |*| | | | | | | |
  2: | |*| | | |E 3| | | | | | | | | |
  1: | | | | |*|*| |SE 3|O| | | | | | |
  0: | | | | | | |*| | |*| |O| | | |
 -1: -------------------------------

Object in position (7,1) moved to (1,7)
 y\x  0 1 2 3 4 5 6 7 8 91011121314
 15: -------------------------------
 14: | | | | | | | | | | | | | | | |
 13: |*| | |*| | | | | |*| | | | | |
 12: | | | | | | | | | | |O| | |*| |
 11: | | | | | | | | | | |O| | | | |
 10: | | |*| | | |*| | |*|*| | | | |
  9: | | | | | | | | |*|*| | |*| | |
  8: |*| | | | | |*| |*|*|*| | | | |
  7: | |E 2| | | |*|*| |*| | | | | | |
  6: |*| | | |*| | | |*| |*| | | | |
  5: | | |*|*| | | | |*|*|*| | | | |
  4: | | | |*| | | | |*| |*|O| | | |
  3: | | | |*|*| | |*| | | | | | | |
  2: | |*| | | |E 3| | | | | | | | | |
  1: | | | | |*|*| | |O| | | | | | |
  0: | | | | | | |*| | |*| |O| | | |
 -1: -------------------------------

Object in position (5,2) moved to (6,1)
 y\x  0 1 2 3 4 5 6 7 8 91011121314
 15: -------------------------------
 14: | | | | | | | | | | | | | | | |
 13: |*| | |*| | | | | |*| | | | | |
 12: | | | | | | | | | | |O| | |*| |
 11: | | | | | | | | | | |O| | | | |
 10: | | |*| | | |*| | |*|*| | | | |
  9: | | | | | | | | |*|*| | |*| | |
  8: |*| | | | | |*| |*|*|*| | | | |
  7: | |E 2| | | |*|*| |*| | | | | | |
  6: |*| | | |*| | | |*| |*| | | | |
  5: | | |*|*| | | | |*|*|*| | | | |
  4: | | | |*| | | | |*| |*|O| | | |
  3: | | | |*|*| | |*| | | | | | | |
  2: | |*| | | | | | | | | | | | | |
  1: | | | | |*|*|SE 2| |O| | | | | | |
  0: | | | | | | |*| | |*| |O| | | |
 -1: -------------------------------

Object in position (1,7) moved to (2,8)
 y\x  0 1 2 3 4 5 6 7 8 91011121314
 15: -------------------------------
 14: | | | | | | | | | | | | | | | |
 13: |*| | |*| | | | | |*| | | | | |
 12: | | | | | |*| | | | |O| | |*| |
 11: | | | | | | | | | | |O| | | | |
 10: | | |*| | | |*| | |*|*| | | | |
  9: | | | | | | | | |*|*| | |*| | |
  8: |*| |NE 1| | | |*| |*|*|*| | | | |
  7: | |O| | | |*|*| |*| | | | | | |
  6: |*| | |*|*| | | |*| |*| | | | |
  5: | | |*|*| | | | |*|*|*| | | | |
  4: | | | |*| | | | |*| |*|O| | | |
  3: | | | |*|*| | |*| | | | | | | |
  2: | |*| | | | | | | | | | | | | |
  1: | | | | |*|*|SE 2| |*| | | | | | |
  0: | | | |*| | |*|*| |*| |O| | | |
 -1: -------------------------------

Object in position (6,1) moved to (6,0)
 y\x  0 1 2 3 4 5 6 7 8 91011121314
 15: -------------------------------
 14: | | | | | | | | | | | | | | | |
 13: |*| | |*| | | | | |*| | | | | |
 12: | | | | | |*| | | | |O| | |*| |
 11: | | | | | | | | | | |O| | | | |
 10: | | |*| | | |*| | |*|*| | | | |
  9: | | | | | | | | |*|*| | |*| | |
  8: |*| |NE 1| | | |*| |*|*|*| | | | |
  7: | |O| | | |*|*| |*| | | | | | |
  6: |*| | |*|*| | | |*| |*| | | | |
  5: | | |*|*| | | | |*|*|*| | | | |
  4: | | | |*| | | | |*| |*|O| | | |
  3: | | | |*|*| | |*| | | | | | | |
  2: | |*| | | | | | | | | | | | | |
  1: | | | | |*|*| | |*| | | | | | |
  0: | | | |*| | |S 1|*| |*| |O| | | |
 -1: -------------------------------

Object in position (2,8) moved to (1,8)
 y\x  0 1 2 3 4 5 6 7 8 91011121314
 15: -------------------------------
 14: | | | | | | | | | | | | | | | |
 13: |*| | |*| | | | | |*| | | | | |
 12: | | | | | |*| | | | |O| | |*| |
 11: | | | | | | | | | | |O| | | | |
 10: | | |*| | | |*| | |*|*| | | | |
  9: | | | | | | |*| |*|*| | |*| | |
  8: |*|W 0| | | | |*| |*|*|*| | | | |
  7: | |O| | | |*|*| |*|*| | | | | |
  6: |*| | |*|*|*| | |*| |*| | | | |
  5: | | |*|*| | | | |*|*|*| | | | |
  4: | | | |*| | | | |*| |*|O| | | |
  3: | | | |*|*| |*|*| | | | | | | |
  2: | |*| | | | | | | | | | | | | |
  1: | | | | |*|*| | |*| | | | | | |
  0: | | |*|*| | |S 2|*| |*| |O| | | |
 -1: -------------------------------

Object in position (6,0) moved to (6,1)
 y\x  0 1 2 3 4 5 6 7 8 91011121314
 15: -------------------------------
 14: | | | | | | | | | | | | | | | |
 13: |*| | |*| | | | | |*| | | | | |
 12: | | | | | |*| | | | |O| | |*| |
 11: | | | | | | | | | | |O| | | | |
 10: | | |*| | | |*| | |*|*| | | | |
  9: | | | | | | |*| |*|*| | |*| | |
  8: |*|W 0| | | | |*| |*|*|*| | | | |
  7: | |O| | | |*|*| |*|*| | | | | |
  6: |*| | |*|*|*| | |*| |*| | | | |
  5: | | |*|*| | | | |*|*|*| | | | |
  4: | | | |*| | | | |*| |*|O| | | |
  3: | | | |*|*| |*|*| | | | | | | |
  2: | |*| | | | | | | | | | | | | |
  1: | | | | |*|*|N 1| |*| | | | | | |
  0: | | |*|*| | | |*| |*| |O| | | |
 -1: -------------------------------

Object in position (6,1) moved to (7,2)
 y\x  0 1 2 3 4 5 6 7 8 91011121314
 15: -------------------------------
 14: | | | | | | | | | | | | | | | |
 13: |*| | |*| | | | | |*| | | | | |
 12: | | | | | |*| | | | |O| | |*| |
 11: | | | | | | | | | | |O| | | | |
 10: | | |*| | | |*| |*|*|*| | | | |
  9: | | | | | | |*| |*|*| | |*| | |
  8: |*| | | | | |*| |*|*|*| | | | |
  7: | |O| | | |*|*| |*|*| | | | | |
  6: |*| | |*|*|*| | |*| |*| | | | |
  5: | | |*|*| | |*| |*|*|*| | | | |
  4: | | | |*| |*| | |*| |*|O| | | |
  3: | | | |*|*| |*|*| | | |*| | | |
  2: | |*| | | | | |NE 0| | | | | | | |
  1: | |*| | |*|*| | |*| | | | | | |
  0: | | |*|*| | | |*| |*| |O| | | |
 -1: -------------------------------

