Object in position (0,0) moved to (0,1)
 y\x  0 1 2 3 4
  5: -----------
  4: |*| |*|O|*|
  3: |*| | | |O|
  2: |O| |O|*| |
  1: |N|*| |O|O|
  0: | | | |*| |
 -1: -----------

Object in position (0,1) moved to (1,2)
 y\x  0 1 2 3 4
  5: -----------
  4: |*| |*|O|*|
  3: |*| | | |O|
  2: |O|NE|O|*| |
  1: | |*| |O|O|
  0: | | | |*| |
 -1: -----------

Object in position (1,2) moved to (2,1)
 y\x  0 1 2 3 4
  5: -----------
  4: |*| |*|O|*|
  3: |*| | | |O|
  2: |O| |O|*| |
  1: | |*|SE|O|O|
  0: | | | |*| |
 -1: -----------

Object in position (2,1) moved to (1,0)
 y\x  0 1 2 3 4
  5: -----------
  4: |*| |*|O|*|
  3: |*| | | |O|
  2: |O| |O|*| |
  1: | |*| |O|O|
  0: | |SW| |*| |
 -1: -----------

Object in position (1,0) moved to (2,0)
 y\x  0 1 2 3 4
  5: -----------
  4: |*| |*|O|*|
  3: |*| | | |O|
  2: |O| |O|*| |
  1: | |*| |O|O|
  0: | | |E|*| |
 -1: -----------

