Object in position (0,0) moved to (0,1)
 y\x  0 1 2 3 4 5 6 7 8 91011121314
 15: -------------------------------
 14: | | | | | | | | | | | | | | | |
 13: | | | | | | | |O| | | | | | | |
 12: | | | | | | | | | | | | | | | |
 11: | | | |O| | | | | | | | | | | |
 10: | | | | | | | | | | | | | | | |
  9: | | | | | | | | | | | | | | | |
  8: | | | | | | | | | | | | | | | |
  7: | | | | | |O| | | | | | | | | |
  6: | | | | | | | | | | |O| | | | |
  5: | | | | | | | | | | | | | | | |
  4: | | | | | | | | | | | | | | | |
  3: | | | | | | | | | | | | | | | |
  2: | | | | | | | |SE 10| | | | | | | |
  1: |N 9| | | | | | | | | | | | | | |
  0: | | | |O| | | | | | | |O| | | |
 -1: -------------------------------

Object in position (7,2) moved to (6,2)
 y\x  0 1 2 3 4 5 6 7 8 91011121314
 15: -------------------------------
 14: | | | | | | | | | | | | | | | |
 13: | | | | | | | |O| | | | | | | |
 12: | | | | | | | | | | | | | | | |
 11: | | | |O| | | | | | | | | | | |
 10: | | | | | | | | | | | | | | | |
  9: | | | | | | | | | | | | | | | |
  8: | | | | | | | | | | | | | | | |
  7: | | | | | |O| | | | | | | | | |
  6: | | | | | | | | | | |O| | | | |
  5: | | | | | | | | | | | | | | | |
  4: | | | | | | | | | | | | | | | |
  3: | | | | | | | | | | | | | | | |
  2: | | | | | | |W 9| | | | | | | | |
  1: |N 9| | | | | | | | | | | | | | |
  0: | | | |O| | | | | | | |O| | | |
 -1: -------------------------------

Object in position (0,1) moved to (1,2)
 y\x  0 1 2 3 4 5 6 7 8 91011121314
 15: -------------------------------
 14: | | | | | | | | | | | | | | | |
 13: | | | | | | | |O| | | | | | | |
 12: | | | | | | | | | | | | | | | |
 11: | | | |O| | | | | | | | | | | |
 10: | | | | | | | | | | | | | | | |
  9: | | | | | | | | | | | | | | | |
  8: | | | | | | | | | | | | | | | |
  7: | | | | | |O| | | | | | | | | |
  6: | | | | | | | | | | |O| | | | |
  5: | | | | | | | | | | | | | | | |
  4: | | | | | | | | | | | | | | | |
  3: | | | | | | | | | | | | | | | |
  2: | |NE 8| | | | |W 9| | | | | | | | |
  1: | | | | | | | | | | | | | | | |
  0: | | | |O| | | | | | | |O| | | |
 -1: -------------------------------

Object in position (6,2) moved to (5,2)
 y\x  0 1 2 3 4 5 6 7 8 91011121314
 15: -------------------------------
 14: | | | | | | | | | | | | | | | |
 13: | | | | | | | |O| | | | | | | |
 12: | | | | | | | | | | | | | | | |
 11: | | | |O| | | | | | | | | | | |
 10: | | | | | | | | | | | | | | | |
  9: | | | | | | | | | | | | | | | |
  8: | | | | | | | | | | | | | | | |
  7: | | | | | |O| | | | | | | | | |
  6: | | | | | | | | | | |O| | | | |
  5: | | | | | | | | | | | | | | | |
  4: | | | | | | | | | | | | | | | |
  3: | | | | | | | | | | | | | | | |
  2: | |NE 8| | | |W 8| | | | | | | | | |
  1: | | | | | | | | | | | | | | | |
  0: | | | |O| | | | | | | |O| | | |
 -1: -------------------------------

Object in position (1,2) moved to (2,2)
 y\x  0 1 2 3 4 5 6 7 8 91011121314
 15: -------------------------------
 14: | | | | | | | | | | | | | | | |
 13: | | | | | | | |O| | | | | | | |
 12: | | | | | | | | | | | | | | | |
 11: | | | |O| | | | | | | | | | | |
 10: | | | | | | | | | | | | | | | |
  9: | | | | | | | | | | | | | | | |
  8: | | | | | | | | | | | | | | | |
  7: | | | | | |O| | | | | | | | | |
  6: | | | | | | | | | | |O| | | | |
  5: | | | | | | | | | | | | | | | |
  4: | | | | | | | | | | | | | | | |
  3: | | | | | | | | | | | | | | | |
  2: | | |E 7| | |W 8| | | | | | | | | |
  1: | | | | | | | | | | | | | | | |
  0: | | | |O| | | | | | | |O| | | |
 -1: -------------------------------

Object in position (5,2) moved to (6,1)
 y\x  0 1 2 3 4 5 6 7 8 91011121314
 15: -------------------------------
 14: | | | | | | | | | | | | | | | |
 13: | | | | | | | |O| | | | | | | |
 12: | | | | | | | | | | | | | | | |
 11: | | | |O| | | | | | | | | | | |
 10: | | | | | | | | | | | | | | | |
  9: | | | | | | | | | | | | | | | |
  8: | | | | | | | | | | | | | | | |
  7: | | | | | |O| | | | | | | | | |
  6: | | | | | | | | | | |O| | | | |
  5: | | | | | | | | | | | | | | | |
  4: | | | | | | | | | | | | | | | |
  3: | | | | | | | | | | | | | | | |
  2: | | |E 7| | | | | | | | | | | | |
  1: | | | | | | |SE 7| | | | | | | | |
  0: | | | |O| | | | | | | |O| | | |
 -1: -------------------------------

Object in position (2,2) moved to (3,1)
 y\x  0 1 2 3 4 5 6 7 8 91011121314
 15: -------------------------------
 14: | | | | | | | | | | | | | | | |
 13: | | | | | | | |O| | | | | | | |
 12: | | | | | | | | | | | | | | | |
 11: | | | |O| | | | | | | | | | | |
 10: | | | | | | | | | | | | | | | |
  9: | | | | | | | | | | | | | | | |
  8: | | | | | | | | | | | | | | | |
  7: | | | | | |O| | | | | | | | | |
  6: | | | | | | | | | | |O| | | | |
  5: | | | | | | | | | | | | | | | |
  4: | | | | | | | | | | | | | | | |
  3: | | | | | | | | | | | | | | | |
  2: | | | | | | | | | | | | | | | |
  1: | | | |SE 6| | |SE 7| | | | | | | | |
  0: | | | |O| | | | | | | |O| | | |
 -1: -------------------------------

Object in position (6,1) moved to (7,1)
 y\x  0 1 2 3 4 5 6 7 8 91011121314
 15: -------------------------------
 14: | | | | | | | | | | | | | | | |
 13: | | | | | | | |O| | | | | | | |
 12: | | | | | | | | | | | | | | | |
 11: | | | |O| | | | | | | | | | | |
 10: | | | | | | | | | | | | | | | |
  9: | | | | | | | | | | | | | | | |
  8: | | | | | | | | | | | | | | | |
  7: | | | | | |O| | | | | | | | | |
  6: | | | | | | | | | | |O| | | | |
  5: | | | | | | | | | | | | | | | |
  4: | | | | | | | | | | | | | | | |
  3: | | | | | | | | | | | | | | | |
  2: | | | | | | | | | | | | | | | |
  1: | | | |SE 6| | | |E 6| | | | | | | |
  0: | | | |O| | | | | | | |O| | | |
 -1: -------------------------------

Object in position (7,1) moved to (8,2)
 y\x  0 1 2 3 4 5 6 7 8 91011121314
 15: -------------------------------
 14: | | | | | | | | | | | | | | | |
 13: | | | | | | | |O| | | | | | | |
 12: | | | | | | | | | | | | | | | |
 11: | | | |O| | | | | | | | | | | |
 10: | | | | | | | | | | | | | | | |
  9: | | | | | | | | | | | | | | | |
  8: | | | | | | | | | | | | | | | |
  7: | | | | | |O| | | | | | | | | |
  6: | | | | | | | | | | |O| | | | |
  5: | | | | | | | | | | | | | | | |
  4: | | | | | | | | | | | | | | | |
  3: | | | | | | | | | | | | | | | |
  2: | | | | | | | | |NE 5| | | | | | |
  1: | | | |SE 6| | | | | | | | | | | |
  0: | | | |O| | | | | | | |O| | | |
 -1: -------------------------------

Object in position (3,1) moved to (7,13)
 y\x  0 1 2 3 4 5 6 7 8 91011121314
 15: -------------------------------
 14: | | | | | | | | | | | | | | | |
 13: | | | | | | | |S 5| | | | | | | |
 12: | | | | | | | | | | | | | | | |
 11: | | | |O| | | | | | | | | | | |
 10: | | | | | | | | | | | | | | | |
  9: | | | | | | | | | | | | | | | |
  8: | | | | | | | | | | | | | | | |
  7: | | | | | |O| | | | | | | | | |
  6: | | | | | | | | | | |O| | | | |
  5: | | | | | | | | | | | | | | | |
  4: | | | | | | | | | | | | | | | |
  3: | | | | | | | | | | | | | | | |
  2: | | | | | | | | |NE 5| | | | | | |
  1: | | | | | | | | | | | | | | | |
  0: | | | |O| | | | | | | |O| | | |
 -1: -------------------------------

Object in position (7,13) moved to (7,14)
 y\x  0 1 2 3 4 5 6 7 8 91011121314
 15: -------------------------------
 14: | | | | | | | |N 4| | | | | | | |
 13: | | | | | | | |O| | | | | | | |
 12: | | | | | | | | | | | | | | | |
 11: | | | |O| | | | | | | | | | | |
 10: | | | | | | | | | | | | | | | |
  9: | | | | | | | | | | | | | | | |
  8: | | | | | | | | | | | | | | | |
  7: | | | | | |O| | | | | | | | | |
  6: | | | | | | | | | | |O| | | | |
  5: | | | | | | | | | | | | | | | |
  4: | | | | | | | | | | | | | | | |
  3: | | | | | | | | | | | | | | | |
  2: | | | | | | | | |NE 5| | | | | | |
  1: | | | | | | | | | | | | | | | |
  0: | | | |O| | | | | | | |O| | | |
 -1: -------------------------------

Object in position (8,2) moved to (7,2)
 y\x  0 1 2 3 4 5 6 7 8 91011121314
 15: -------------------------------
 14: | | | | | | | |N 4| | | | | | | |
 13: | | | | | | | |O| | | | | | | |
 12: | | | | | | | | | | | | | | | |
 11: | | | |O| | | | | | | | | | | |
 10: | | | | | | | | | | | | | | | |
  9: | | | | | | | | | | | | | | | |
  8: | | | | | | | | | | | | | | | |
  7: | | | | | |O| | | | | | | | | |
  6: | | | | | | | | | | |O| | | | |
  5: | | | | | | | | | | | | | | | |
  4: | | | | | | | | | | | | | | | |
  3: | | | | | | | | | | | | | | | |
  2: | | | | | | | |W 4| | | | | | | |
  1: | | | | | | | | | | | | | | | |
  0: | | | |O| | | | | | | |O| | | |
 -1: -------------------------------

Object in position (7,14) moved to (7,14)
 y\x  0 1 2 3 4 5 6 7 8 91011121314
 15: -------------------------------
 14: | | | | | | | |SW 3| | | | | | | |
 13: | | | | | | | |O| | | | | | | |
 12: | | | | | | | | | | | | | | | |
 11: | | | |O| | | | | | | | | | | |
 10: | | | | | | | | | | | | | | | |
  9: | | | | | | | | | | | | | | | |
  8: | | | | | | | | | | | | | | | |
  7: | | | | | |O| | | | | | | | | |
  6: | | | | | | | | | | |O| | | | |
  5: | | | | | | | | | | | | | | | |
  4: | | | | | | | | | | | | | | | |
  3: | | | | | | | | | | | | | | | |
  2: | | | | | | | |W 4| | | | | | | |
  1: | | | | | | | | | | | | | | | |
  0: | | | |O| | | | | | | |O| | | |
 -1: -------------------------------

Object in position (7,2) moved to (6,2)
 y\x  0 1 2 3 4 5 6 7 8 91011121314
 15: -------------------------------
 14: | | | | | | | |SW 3| | | | | | | |
 13: | | | | | | | |O| | | | | | | |
 12: | | | | | | | | | | | | | | | |
 11: | | | |O| | | | | | | | | | | |
 10: | | | | | | | | | | | | | | | |
  9: | | | | | | | | | | | | | | | |
  8: | | | | | | | | | | | | | | | |
  7: | | | | | |O| | | | | | | | | |
  6: | | | | | | | | | | |O| | | | |
  5: | | | | | | | | | | | | | | | |
  4: | | | | | | | | | | | | | | | |
  3: | | | | | | | | | | | | | | | |
  2: | | | | | | |W 3| | | | | | | | |
  1: | | | | | | | | | | | | | | | |
  0: | | | |O| | | | | | | |O| | | |
 -1: -------------------------------

Object in position (7,14) moved to (8,14)
 y\x  0 1 2 3 4 5 6 7 8 91011121314
 15: -------------------------------
 14: | | | | | | | | |E 2| | | | | | |
 13: | | | | | | | |O| | | | | | | |
 12: | | | | | | | | | | | | | | | |
 11: | | | |O| | | | | | | | | | | |
 10: | | | | | | | | | | | | | | | |
  9: | | | | | | | | | | | | | | | |
  8: | | | | | | | | | | | | | | | |
  7: | | | | | |O| | | | | | | | | |
  6: | | | | | | | | | | |O| | | | |
  5: | | | | | | | | | | | | | | | |
  4: | | | | | | | | | | | | | | | |
  3: | | | | | | | | | | | | | | | |
  2: | | | | | | |W 3| | | | | | | | |
  1: | | | | | | | | | | | | | | | |
  0: | | | |O| | | | | | | |O| | | |
 -1: -------------------------------

Object in position (6,2) moved to (7,1)
 y\x  0 1 2 3 4 5 6 7 8 91011121314
 15: -------------------------------
 14: | | | | | | | | |E 2| | | | | | |
 13: | | | | | | | |O| | | | | | | |
 12: | | | | | | | | | | | | | | | |
 11: | | | |O| | | | | | | | | | | |
 10: | | | | | | | | | | | | | | | |
  9: | | | | | | | | | | | | | | | |
  8: | | | | | | | | | | | | | | | |
  7: | | | | | |O| | | | | | | | | |
  6: | | | | | | | | | | |O| | | | |
  5: | | | | | | | | | | | | | | | |
  4: | | | | | | | | | | | | | | | |
  3: | | | | | | | | | | | | | | | |
  2: | | | | | | | | | | | | | | | |
  1: | | | | | | | |SE 2| | | | | | | |
  0: | | | |O| | | | | | | |O| | | |
 -1: -------------------------------

Object in position (8,14) moved to (9,13)
 y\x  0 1 2 3 4 5 6 7 8 91011121314
 15: -------------------------------
 14: | | | | | | | | | | | | | | | |
 13: | | | | | | | |O| |SE 1| | | | | |
 12: | | | | | | | | | | | | | | | |
 11: | | | |O| | | | | | | | | | | |
 10: | | | | | | | | | | | | | | | |
  9: | | | | | | | | | | | | | | | |
  8: | | | | | | | | | | | | | | | |
  7: | | | | | |O| | | | | | | | | |
  6: | | | | | | | | | | |O| | | | |
  5: | | | | | | | | | | | | | | | |
  4: | | | | | | | | | | | | | | | |
  3: | | | | | | | | | | | | | | | |
  2: | | | | | | | | | | | | | | | |
  1: | | | | | | | |SE 2| | | | | | | |
  0: | | | |O| | | | | | | |O| | | |
 -1: -------------------------------

Object in position (7,1) moved to (8,1)
 y\x  0 1 2 3 4 5 6 7 8 91011121314
 15: -------------------------------
 14: | | | | | | | | | | | | | | | |
 13: | | | | | | | |O| |SE 1| | | | | |
 12: | | | | | | | | | | | | | | | |
 11: | | | |O| | | | | | | | | | | |
 10: | | | | | | | | | | | | | | | |
  9: | | | | | | | | | | | | | | | |
  8: | | | | | | | | | | | | | | | |
  7: | | | | | |O| | | | | | | | | |
  6: | | | | | | | | | | |O| | | | |
  5: | | | | | | | | | | | | | | | |
  4: | | | | | | | | | | | | | | | |
  3: | | | | | | | | | | | | | | | |
  2: | | | | | | | | | | | | | | | |
  1: | | | | | | | | |E 1| | | | | | |
  0: | | | |O| | | | | | | |O| | | |
 -1: -------------------------------

Object in position (9,13) moved to (9,12)
 y\x  0 1 2 3 4 5 6 7 8 91011121314
 15: -------------------------------
 14: | | | | | | | | | | | | | | | |
 13: | | | | | | | |O| | | | | | | |
 12: | | | | | | | | | |S 0| | | | | |
 11: | | | |O| | | | | | | | | | | |
 10: | | | | | | | | | | | | | | | |
  9: | | | | | | | | | | | | | | | |
  8: | | | | | | | | | | | | | | | |
  7: | | | | | |O| | | | | | | | | |
  6: | | | | | | | | | | |O| | | | |
  5: | | | | | | | | | | | | | | | |
  4: | | | | | | | | | | | | | | | |
  3: | | | | | | | | | | | | | | | |
  2: | | | | | | | | | | | | | | | |
  1: | | | | | | | | |E 1| | | | | | |
  0: | | | |O| | | | | | | |O| | | |
 -1: -------------------------------

Object in position (8,1) moved to (9,2)
 y\x  0 1 2 3 4 5 6 7 8 91011121314
 15: -------------------------------
 14: | | | | | | | | | | | | | | | |
 13: | | | | | | | |O| | | | | | | |
 12: | | | | | | | | | |S 0| | | | | |
 11: | | | |O| | | | | | | | | | | |
 10: | | | | | | | | | | | | | | | |
  9: | | | | | | | | | | | | | | | |
  8: | | | | | | | | | | | | | | | |
  7: | | | | | |O| | | | | | | | | |
  6: | | | | | | | | | | |O| | | | |
  5: | | | | | | | | | | | | | | | |
  4: | | | | | | | | | | | | | | | |
  3: | | | | | | | | | | | | | | | |
  2: | | | | | | | | | |NE 0| | | | | |
  1: | | | | | | | | | | | | | | | |
  0: | | | |O| | | | | | | |O| | | |
 -1: -------------------------------

Object in position (9,2) moved to (8,2)
 y\x  0 1 2 3 4 5 6 7 8 91011121314
 15: -------------------------------
 14: | | | | | | | | | | | | | | | |
 13: | | | | | | | |O| | | | | | | |
 12: | | | | | | | | | | | | | | | |
 11: | | | |O| | | | | | | | | | | |
 10: | | | | | | | | | | | | | | | |
  9: | | | | | | | | | | | | | | | |
  8: | | | | | | | | | | | | | | | |
  7: | | | | | |O| | | | | | | | | |
  6: | | | | | | | | | | |O| | | | |
  5: | | | | | | | | | | | | | | | |
  4: | | | | | | | | | | | | | | | |
  3: | | | | | | | | | | | | | | | |
  2: | | | | | | | | |W 0| | | | | | |
  1: | | | | | | | | | | | | | | | |
  0: | | | |O| | | | | | | |O| | | |
 -1: -------------------------------

Object in position (8,2) moved to (7,2)
 y\x  0 1 2 3 4 5 6 7 8 91011121314
 15: -------------------------------
 14: | | | | | | | | | | | | | | | |
 13: | | | | | | | |O| | | | | | | |
 12: | | | | | | | | | | | | | | | |
 11: | | | |O| | | | | | | | | | | |
 10: | | | | | | | | | | | | | | | |
  9: | | | | | | | | | | | | | | | |
  8: | | | | | | | | | | | | | | | |
  7: | | | | | |O| | | | | | | | | |
  6: | | | | | | | | | | |O| | | | |
  5: | | | | | | | | | | | | | | | |
  4: | | | | | | | | | | | | | | | |
  3: | | | | | | | | | | | | | | | |
  2: | | | | | | | |W 0| | | | | | | |
  1: | | | | | | | | | | | | | | | |
  0: | | | |O| | | | | | | |O| | | |
 -1: -------------------------------

