Object in position (0,0) moved to (0,1)
 y\x  0 1 2 3 4 5 6 7 8 91011121314
 15: -------------------------------
 14: | | | | | | | | | | | | | | | |
 13: | | | | | | | | | | | | | | | |
 12: | | | | | |O| | | | | | | | | |
 11: | | | | | | | | | | | | | | | |
 10: | | | | | | | | | | | | | | | |
  9: | | | | | | | |O| | | | | | | |
  8: | |O| | | | | | | | | | | | | |
  7: | | | | | | | | | | | | | | | |
  6: | | | | | | | | | | | | | | | |
  5: | | | | | | | | | | | | | | | |
  4: | | | | | | | | | | | | |O| | |
  3: | | | | | | |W 10| | | | | | | | |
  2: | | | | | | | |NE 10| | | | | | |*|
  1: |N 9| | | | |O| | | | | | | | | |
  0: |SW 10| | | | | | | | | | | | | | |
 -1: -------------------------------

Object in position (0,0) moved to (0,0)
 y\x  0 1 2 3 4 5 6 7 8 91011121314
 15: -------------------------------
 14: | | | | | | | | | | | | | | | |
 13: | | | | | | | | | | | | | | | |
 12: | | | | | |O| | | | | | | | | |
 11: | | | | | | | | | | | | | | | |
 10: | | | | | | | | | | | | | | | |
  9: | | | | | | | |O| | | | | | | |
  8: | |O| | | | | | | | | | | | | |
  7: | | | | | | | | | | | | | | | |
  6: | | | | | | | | | | | | | | | |
  5: | | | | | | | | | | | | | | | |
  4: | | | | | | | | | | | | |O| | |
  3: | | | | | | |W 10| | | | | | | | |
  2: | | | | | | | |NE 10| | | | | | |*|
  1: |N 9| | | | |O| | | | | | | | | |
  0: |NE 9| | | | | | | | | | | | | | |
 -1: -------------------------------

Object in position (7,2) moved to (6,2)
 y\x  0 1 2 3 4 5 6 7 8 91011121314
 15: -------------------------------
 14: | | | | | | | | | | | | | | | |
 13: | | | | | | | | | | | | | | | |
 12: | | | | | |O| | | | | | | | | |
 11: | | | | | | | | | | | | | | | |
 10: | | | | | | | | | | | | | | | |
  9: | | | | | | | |O| | | | | | | |
  8: | |O| | | | | | | | | | | | | |
  7: | | | | | | | | | | | | | | | |
  6: | | | | | | | | | | | | | | | |
  5: | | | | | | | | | | | | | | | |
  4: | | | | | | | | | | | | |O| | |
  3: | | | | | | |W 10| | | | | | | | |
  2: | | | | | | |W 9| | | | | | | |*|
  1: |N 9| | | | |O| | | | | | | | | |
  0: |NE 9| | | | | | | | | | | | | | |
 -1: -------------------------------

Object in position (6,3) moved to (6,4)
 y\x  0 1 2 3 4 5 6 7 8 91011121314
 15: -------------------------------
 14: | | | | | | | | | | | | | | | |
 13: | | | | | | | | | | | | | | | |
 12: | | | | | |O| | | | | | | | | |
 11: | | | | | | | | | | | | | | | |
 10: | | | | | | | | | | | | | | | |
  9: | | | | | | | |O| | | | | | | |
  8: | |O| | | | | | | | | | | | | |
  7: | | | | | | | | | | | | | | | |
  6: | | | | | | | | | | | | | | | |
  5: | | | | | | | | | | | | | | | |
  4: | | | | | | |N 9| | | | | |O| | |
  3: | | | | | | | | | | | | | | | |
  2: | | | | | | |W 9| | | | | | | |*|
  1: |N 9| | | | |O| | | | | | | | | |
  0: |NE 9| | | | | | | | | | | | | | |
 -1: -------------------------------

Object in position (0,0) moved to (1,0)
 y\x  0 1 2 3 4 5 6 7 8 91011121314
 15: -------------------------------
 14: | | | | | | | | | | | | | | | |
 13: | | | | | | | | | | | | | | | |
 12: | | | | | |O| | | | | | | | | |
 11: | | | | | | | | | | | | | | | |
 10: | | |*| | | | | | | | | | | | |
  9: | | | | | | | |O| | | | | | | |
  8: | |O| | | | | | | | | | | | | |
  7: | | | | | | | | | | | | | | | |
  6: | | | | | | | | | | | | | | | |
  5: | | | | | | | |*| | | | | | | |
  4: | | | | | | |N 9| | | | | |O| | |
  3: | | | | | | | |*| | | | | | | |
  2: | | | | | | |W 9| | | | | | | |*|
  1: |N 9| | | | |O| | | | | | | | | |
  0: |O|E 8| | |*|*| | | | | | | | | |
 -1: -------------------------------

Object in position (0,1) moved to (1,2)
 y\x  0 1 2 3 4 5 6 7 8 91011121314
 15: -------------------------------
 14: | | | | | | | | | | | | | | | |
 13: | | | | | | | | | | | | | | | |
 12: | | | | | |O| | | | | | | | | |
 11: | | | | | | | | | | | | | | | |
 10: | | |*| | | | | | | | | | | | |
  9: | | | | | | | |O| | | | | | | |
  8: | |O| | | | | | | | | | | | | |
  7: | | | | | | | | | | | | | | | |
  6: | | | | | | | | | | | | | | | |
  5: | | | | | | | |*| | | | | | | |
  4: | | | | | | |N 9| | | | | |O| | |
  3: | | | | | | | |*| | | | | | | |
  2: | |NE 8| | | | |W 9| | | | | | | |*|
  1: | | | | | |O| | | | | | | | | |
  0: |O|E 8| | |*|*| | | | | | | | | |
 -1: -------------------------------

Object in position (6,2) moved to (5,2)
 y\x  0 1 2 3 4 5 6 7 8 91011121314
 15: -------------------------------
 14: | | | | | | | | | | | | | | | |
 13: | | | | | | | | | | | | | | | |
 12: | | | | | |O| | | | | | | | | |
 11: | | | | | | | | | | | | | | | |
 10: | | |*| | | | | | | | | | | | |
  9: | | | | | | | |O| | | | | | | |
  8: | |O| | | | | | | | | | | | | |
  7: | | | | | | | | | | | | | | | |
  6: | | | | | | | | | | | | | | | |
  5: | | | | | | | |*| | | | | | | |
  4: | | | | | | |N 9| | | | | |O| | |
  3: | | | | | | | |*| | | | | | | |
  2: | |NE 8| | | |W 8| | | | | | | | |*|
  1: | | | | | |O| | | | | | | | | |
  0: |O|E 8| | |*|*| | | | | | | | | |
 -1: -------------------------------

Object in position (6,4) moved to (5,4)
 y\x  0 1 2 3 4 5 6 7 8 91011121314
 15: -------------------------------
 14: | | | | | | | | | | | | | | | |
 13: | | | | | | | | | | | | | | | |
 12: | | | | | |O| | | | | | | | | |
 11: | | | | | | | | | | | | | | | |
 10: | | |*| | | | | | | | | | | | |
  9: | | | | | | | |O| | | | | | | |
  8: | |O| | | | | | | | | | | | | |
  7: | | | | | | | | | | | | | | | |
  6: | | | | | | | | | | | | | | | |
  5: | | | | | | | |*| | | | | | | |
  4: | | | | | |W 8| | | | | | |O| | |
  3: | | | | | | | |*| | | | | | | |
  2: | |NE 8| | | |W 8| | | | | | | | |*|
  1: | | | | | |O| | | | | | | | | |
  0: |O|E 8| | |*|*| | | | | | | | | |
 -1: -------------------------------

Object in position (1,0) moved to (1,0)
 y\x  0 1 2 3 4 5 6 7 8 91011121314
 15: -------------------------------
 14: | | | | | | | | | | | | | | | |
 13: | | | | | | | | | | | | | | | |
 12: | | | | | |O| | | | | | | | | |
 11: | | | | | | | | | | | | | | | |
 10: | | |*| | | | | | | | | | | | |
  9: | | | | | | | |O| | | | | | | |
  8: | |O| | | | | | | | | | | | | |
  7: | | | | | | | | |*| | | | | | |
  6: | | | | | | | | | | | | | | | |
  5: | | | | | | | |*| | | | | | | |
  4: | | | | |*|W 8| | | | | | |O| | |
  3: | | | | | | | |*| | | | | | | |
  2: | |NE 8| | | |W 8| | | | | | | | |*|
  1: | | | |*| |O| | | | | | | | | |
  0: |O|NE 7| | |*|*|*| | | | | | | | |
 -1: -------------------------------

Object in position (5,4) moved to (6,3)
 y\x  0 1 2 3 4 5 6 7 8 91011121314
 15: -------------------------------
 14: | | | | | | | | | | | | | | | |
 13: | | | | | | | | | | | | | | | |
 12: | | | | | |O| | | | | | | | | |
 11: | | | | | | | | | | | | | | | |
 10: | | |*| | | | | | | | | | | | |
  9: | | | | | | | |O| | | | | | | |
  8: | |O| | | | | | | | | | | | | |
  7: | | | | | | | | |*| | | | | | |
  6: | | | | | | | | | | | | | | | |
  5: | | | | | | | |*| | | | | | | |
  4: | | | | |*|*| | | | | | |O| | |
  3: | | | | | | |SE 7|*| | | | | | | |
  2: | |NE 8| | | |W 8| | | | | | | | |*|
  1: | | | |*| |O| | | | | | | | | |
  0: |O|NE 7| | |*|*|*| | | | | | | | |
 -1: -------------------------------

Object in position (1,2) moved to (2,2)
 y\x  0 1 2 3 4 5 6 7 8 91011121314
 15: -------------------------------
 14: | | | | | | | | | | | | | | | |
 13: | | | | | | | | | | | | | | | |
 12: | | | | | |O| | | | | | | | | |
 11: | | | | | | | | | | | | | | | |
 10: | | |*| | | | | | | | | | | | |
  9: | | | | | | | |O| | | | | | | |
  8: | |O| | | | | | | | | | | | | |
  7: | | | | | | | | |*| | | | | | |
  6: | | | | | | | | | | | | | | | |
  5: | | | | | | | |*| | | | | | | |
  4: | | | | |*|*| | | | | | |O| | |
  3: | | | | | | |SE 7|*| | | | | | | |
  2: | | |E 7| | |W 8| | | | | | | | |*|
  1: | | | |*| |O| | | | | | | | | |
  0: |O|NE 7| | |*|*|*| | | | | | | | |
 -1: -------------------------------

Object in position (5,2) moved to (6,1)
 y\x  0 1 2 3 4 5 6 7 8 91011121314
 15: -------------------------------
 14: | | | | | | | | | | | | | | | |
 13: | | | | | | | | | | | | | | | |
 12: | | | | | |O| | | | | | | | | |
 11: | | | | | | | | | | | | | | | |
 10: | | |*| | | | | | | | | | | | |
  9: | | | | | | | |O| | | | | | | |
  8: | |O| | | | | | | | | | | | | |
  7: | | | | | | | | |*| | | | | | |
  6: | | | | | | | | | | | | | | | |
  5: | | | | | | | |*| | | | | | | |
  4: | | | | |*|*| | | | | | |O| | |
  3: | | | | | | |SE 7|*| | | | | | | |
  2: | | |E 7| | | | | | | | | | | |*|
  1: | | | |*| |O|SE 7| | | | | | | | |
  0: |O|NE 7| | |*|*|*| | | | | | | | |
 -1: -------------------------------

Object in position (1,0) moved to (2,1)
 y\x  0 1 2 3 4 5 6 7 8 91011121314
 15: -------------------------------
 14: | | | | | | | | | | | | | | |*|
 13: | | | | | | | | | | | | | | | |
 12: | | | | | |O| | | | | | | | | |
 11: | | | | | | | | | | | | | | | |
 10: |*| |*| | | | | | | | | | | | |
  9: | | | | | | | |O| | | | | | | |
  8: | |O| | | | | | | | | | | | | |
  7: | | | | | | | | |*| | | | | | |
  6: | | | | | | | | | |*| | | | | |
  5: | | | | | |*| |*| | | | | | | |
  4: | | | | |*|*| | | | |*| |O| | |
  3: | | | | | | |SE 7|*| | | | | | | |
  2: | | |E 7| | | | | | | | | | | |*|
  1: | | |NE 6|*| |O|SE 7| | | | | | | | |
  0: |O| | | |*|*|*| | | | | | | | |
 -1: -------------------------------

Object in position (2,2) moved to (3,1)
 y\x  0 1 2 3 4 5 6 7 8 91011121314
 15: -------------------------------
 14: | | | | | | | | | | | | | | |*|
 13: | | | | | | | | | | | | | | | |
 12: | | | | | |O| | | | | | | | | |
 11: | | | | | | | | | | | | | | | |
 10: |*| |*| | | | | | | | | | | | |
  9: | | | | | | | |O| | | | | | | |
  8: | |O| | | | | | | | | | | | | |
  7: | | | | | | | | |*| | | | | | |
  6: | | | | | | | | | |*| | | | | |
  5: | | | | | |*| |*| | | | | | | |
  4: | | | | |*|*| | | | |*| |O| | |
  3: | | | | | | |SE 7|*| | | | | | | |
  2: | | | | | | | | | | | | | | |*|
  1: | | |NE 6|SE 6| |O|SE 7| | | | | | | | |
  0: |O| | | |*|*|*| | | | | | | | |
 -1: -------------------------------

Object in position (6,1) moved to (7,1)
 y\x  0 1 2 3 4 5 6 7 8 91011121314
 15: -------------------------------
 14: | | | | | | | | | | | | | | |*|
 13: | | | | | | | | | | | | | | | |
 12: | | | | | |O| | | | | | | | | |
 11: | | | | | | | | | | | | | | | |
 10: |*| |*| | | | | | | | | | | | |
  9: | | | | | | | |O| | | | | | | |
  8: | |O| | | | | | | | | | | | | |
  7: | | | | | | | | |*| | | | | | |
  6: | | | | | | | | | |*| | | | | |
  5: | | | | | |*| |*| | | | | | | |
  4: | | | | |*|*| | | | |*| |O| | |
  3: | | | | | | |SE 7|*| | | | | | | |
  2: | | | | | | | | | | | | | | |*|
  1: | | |NE 6|SE 6| |O| |E 6| | | | | | | |
  0: |O| | | |*|*|*| | | | | | | | |
 -1: -------------------------------

Object in position (6,3) moved to (7,2)
 y\x  0 1 2 3 4 5 6 7 8 91011121314
 15: -------------------------------
 14: | | | | | | | | | | | | | | |*|
 13: | | | | | | | | | | | | | | | |
 12: | | | | | |O| | | | | | | | | |
 11: | | | | | | | | | | | | | | | |
 10: |*| |*| | | | | | | | | | | | |
  9: | | | | | | | |O| | | | | | | |
  8: | |O| | | | | | | | | | | | | |
  7: | | | | | | | | |*| | | | | | |
  6: | | | | | | | | | |*| | | | | |
  5: | | | | | |*| |*| | | | | | | |
  4: | | | | |*|*| | | | |*| |O| | |
  3: | | | | | | | |*| | | | | | | |
  2: | | | | | | | |SE 6| | | | | | |*|
  1: | | |NE 6|SE 6| |O| |E 6| | | | | | | |
  0: |O| | | |*|*|*| | | | | | | | |
 -1: -------------------------------

Object in position (2,1) moved to (3,2)
 y\x  0 1 2 3 4 5 6 7 8 91011121314
 15: -------------------------------
 14: | | | | | | | | | | | | | | |*|
 13: | | | | | | | | | | | | | | | |
 12: | | | | | |O| | | | | | | | | |
 11: | | | | | | | | | | | | | | | |
 10: |*| |*| | | | | | | | | | | | |
  9: | | | | | | | |O| | | | | | | |
  8: | |O| |*| | | | |*| | | | | | |
  7: | | | | | | | | |*| | | | | | |
  6: | | | | | | |*| | |*| | | | | |
  5: | | | | | |*| |*| | | | | | | |
  4: | | | | |*|*| | | | |*| |O| | |
  3: | |*| | | | | |*| | | | | | | |
  2: | | | |NE 5| |*| |SE 6| | | | | | |*|
  1: | | | |SE 7| |O| |E 6| | | | | | | |
  0: |O| | | |*|*|*| | | | | | | | |
 -1: -------------------------------

Object in position (7,1) moved to (8,2)
 y\x  0 1 2 3 4 5 6 7 8 91011121314
 15: -------------------------------
 14: | | | | | | | | | | | | | | |*|
 13: | | | | | | | | | | | | | | | |
 12: | | | | | |O| | | | | | | | | |
 11: | | | | | | | | | | | | | | | |
 10: |*| |*| | | | | | | | | | | | |
  9: | | | | | | | |O| | | | | | | |
  8: | |O| |*| | | | |*| | | | | | |
  7: | | | | | | | | |*| | | | | | |
  6: | | | | | | |*| | |*| | | | | |
  5: | | | | | |*| |*| | | | | | | |
  4: | | | | |*|*| | | | |*| |O| | |
  3: | |*| | | | | |*| | | | | | | |
  2: | | | |NE 5| |*| |SE 6|NE 5| | | | | |*|
  1: | | | |SE 7| |O| | | | | | | | | |
  0: |O| | | |*|*|*| | | | | | | | |
 -1: -------------------------------

Object in position (7,2) moved to (8,3)
 y\x  0 1 2 3 4 5 6 7 8 91011121314
 15: -------------------------------
 14: | | | | | | | | | | | | | | |*|
 13: | | | | | | | | | | | | | | | |
 12: | | | | | |O| | | | | | | | | |
 11: | | | | | | | | | | | | | | | |
 10: |*| |*| | | | | | | | | | | | |
  9: | | | | | | | |O| | | | | | | |
  8: | |O| |*| | | | |*| | | | | | |
  7: | | | | | | | | |*| | | | | | |
  6: | | | | | | |*| | |*| | | | | |
  5: | | | | | |*| |*| | | | | | | |
  4: | | | | |*|*| | | | |*| |O| | |
  3: | |*| | | | | |*|NE 5| | | | | | |
  2: | | | |NE 5| |*| | |NE 5| | | | | |*|
  1: | | | |SE 7| |O| | | | | | | | | |
  0: |O| | | |*|*|*| | | | | | | | |
 -1: -------------------------------

Object in position (3,1) moved to (3,0)
 y\x  0 1 2 3 4 5 6 7 8 91011121314
 15: -------------------------------
 14: | | | | | | | | | | | | | | |*|
 13: | | | | | | | | | | | | | | | |
 12: | | | | | |O| | | | | | | | | |
 11: | | | | | | | | | | | | | | | |
 10: |*| |*| | | | | | | | | | | | |
  9: | | | | | | | |O| | | | | | | |
  8: | |O| |*| | | | |*| | | | | | |
  7: | | | | | | | | |*| | | | | | |
  6: | | | | | | |*| | |*| | | | | |
  5: | | | | | |*| |*| | | | | | | |
  4: | | | | |*|*| | | | |*| |O| | |
  3: | |*| | | | | |*|NE 5| | | | | | |
  2: | | | |NE 5| |*| | |NE 5| | | | | |*|
  1: | | | | | |O| | | | | | | | | |
  0: |O| | |S 6|*|*|*| | | | | | | | |
 -1: -------------------------------

Object in position (3,2) moved to (4,1)
 y\x  0 1 2 3 4 5 6 7 8 91011121314
 15: -------------------------------
 14: | | | | | | | | | | | | | | |*|
 13: | | | | | | | | | | | | | | | |
 12: | | | | | |O| | | | | | | | | |
 11: | | | | | | | | | | | | | | | |
 10: |*| |*| | | | | | | | | | | | |
  9: | | | | | | | |O| | | | | | | |
  8: | |O| |*| | | | |*| | | | | | |
  7: | | | | | | | | |*| | | | | | |
  6: | | | |*| | |*| | |*| | | | | |
  5: | | | | | |*| |*| | | | | | | |
  4: | | | |*|*|*| | | | |*| |O| | |
  3: | |*| | |*| | |*|NE 5| | | | | | |
  2: | | | | | |*| | |NE 5| | | | | |*|
  1: | | | | |SE 4|O| | | | | | | | | |
  0: |*| | |S 6|*|*|*| | | |*| | | | |
 -1: -------------------------------

Object in position (8,2) moved to (7,2)
 y\x  0 1 2 3 4 5 6 7 8 91011121314
 15: -------------------------------
 14: | | | | | | | | | | | | | | |*|
 13: | | | | | | | | | | | | | | | |
 12: | | | | | |O| | | | | | | | | |
 11: | | | | | | | | | | | | | | | |
 10: |*| |*| | | | | | | | | | | | |
  9: | | | | | | | |O| | | | | | | |
  8: | |O| |*| | | | |*| | | | | | |
  7: | | | | | | | | |*| | | | | | |
  6: | | | |*| | |*| | |*| | | | | |
  5: | | | | | |*| |*| | | | | | | |
  4: | | | |*|*|*| | | | |*| |O| | |
  3: | |*| | |*| | |*|NE 5| | | | | | |
  2: | | | | | |*| |W 4| | | | | | |*|
  1: | | | | |SE 4|O| | | | | | | | | |
  0: |*| | |S 6|*|*|*| | | |*| | | | |
 -1: -------------------------------

Object in position (8,3) moved to (8,4)
 y\x  0 1 2 3 4 5 6 7 8 91011121314
 15: -------------------------------
 14: | | | | | | | | | | | | | | |*|
 13: | | | | | | | | | | | | | | | |
 12: | | | | | |O| | | | | | | | | |
 11: | | | | | | | | | | | | | | | |
 10: |*| |*| | | | | | | | | | | | |
  9: | | | | | | | |O| | | | | | | |
  8: | |O| |*| | | | |*| | | | | | |
  7: | | | | | | | | |*| | | | | | |
  6: | | | |*| | |*| | |*| | | | | |
  5: | | | | | |*| |*| | | | | | | |
  4: | | | |*|*|*| | |N 4| |*| |O| | |
  3: | |*| | |*| | |*| | | | | | | |
  2: | | | | | |*| |W 4| | | | | | |*|
  1: | | | | |SE 4|O| | | | | | | | | |
  0: |*| | |S 6|*|*|*| | | |*| | | | |
 -1: -------------------------------

Object in position (3,0) moved to (3,1)
 y\x  0 1 2 3 4 5 6 7 8 91011121314
 15: -------------------------------
 14: | | | | | | | | | | | | | | |*|
 13: | | | | | | | | | | | | | | | |
 12: | | | | | |O| | | | | | | | | |
 11: | | | | | | | | | | | | | | | |
 10: |*| |*| | | | | | | | | | | | |
  9: | | | | | | | |O| | | | | | | |
  8: | |O| |*| | | | |*| | | | | | |
  7: | | | | | | | | |*| | | | | | |
  6: | | | |*| | |*| | |*| | | | | |
  5: | | | | | |*| |*| | | | | | | |
  4: | | | |*|*|*| | |N 4| |*| |O| | |
  3: | |*| | |*| | |*| | | | | | | |
  2: | | | | | |*| |W 4| | | | | | |*|
  1: | | | |N 5|SE 4|O| | | | | | | | | |
  0: |*| | | |*|*|*| | | |*| | | | |
 -1: -------------------------------

Object in position (7,2) moved to (6,2)
 y\x  0 1 2 3 4 5 6 7 8 91011121314
 15: -------------------------------
 14: | | | | | | | | | | | | | | |*|
 13: | | | | | | | | | | | | | | | |
 12: | | | | | |O| | | | | | | | | |
 11: | | | | | | | | | | | | | | | |
 10: |*| |*| | | | | | | | | | | | |
  9: | | | | | | | |O| | | | | | | |
  8: | |O| |*| | | | |*| | | | | | |
  7: | | |*| | | | | |*| | | | | | |
  6: |*| | |*|*|*|*| | |*| | | | | |
  5: | | | | | |*| |*| | | | | | | |
  4: | | | |*|*|*| | |N 4| |*| |O| | |
  3: | |*| | |*| | |*| | | | | | | |
  2: | | | | | |*|W 3| | | | | | | |*|
  1: | | | |N 5|SE 4|O| | | | |*| | | | |
  0: |*| | | |*|*|*| | | |*| | | | |
 -1: -------------------------------

Object in position (8,4) moved to (7,4)
 y\x  0 1 2 3 4 5 6 7 8 91011121314
 15: -------------------------------
 14: | | | | | | | | | | | | | | |*|
 13: | | | | | | | | | | | | | | | |
 12: | | | | | |O| | | | | | | | | |
 11: | | | | | | | | | | | | | | | |
 10: |*| |*| | | | | | | | | | | | |
  9: | | | | | | | |O| | | | | | | |
  8: | |O| |*| | | | |*| | | | | | |
  7: | | |*| | | | | |*| | | | | | |
  6: |*| | |*|*|*|*| | |*| | | | | |
  5: | | | | | |*| |*| | | | | | | |
  4: | | | |*|*|*| |W 3| | |*| |O| | |
  3: | |*| | |*| | |*| | | | | | | |
  2: | | | | | |*|W 3| | | | | | | |*|
  1: | | | |N 5|SE 4|O| | | | |*| | | | |
  0: |*| | | |*|*|*| | | |*| | | | |
 -1: -------------------------------

Object in position (4,1) moved to (0,0)
 y\x  0 1 2 3 4 5 6 7 8 91011121314
 15: -------------------------------
 14: | | | | | | | | | | | | | | |*|
 13: | | | | | | | | | | | | | | | |
 12: | | | | | |O| | | | | | | | | |
 11: | | | | | | | | | | | | | | | |
 10: |*| |*| | | | | | | | | | | | |
  9: | | | | | | | |O| | | | | | | |
  8: | |O| |*| | | | |*| | | | | | |
  7: | | |*| | | | | |*| | | | | | |
  6: |*| | |*|*|*|*| | |*| | | | | |
  5: | | | | | |*| |*| | | | | | | |
  4: | | | |*|*|*| |W 3| | |*| |O| | |
  3: | |*| | |*| | |*| | | | | | | |
  2: | | | | | |*|W 3| | | | | | | |*|
  1: | | | |N 5| |O| | | | |*| | | | |
  0: |E 3| | | |*|*|*| | | |*| | | | |
 -1: -------------------------------

Object in position (3,1) moved to (4,2)
 y\x  0 1 2 3 4 5 6 7 8 91011121314
 15: -------------------------------
 14: | | | | | | | | | | | | | | |*|
 13: | | | | | | | | | | | | | | | |
 12: | | | | | |O| | | | | | | | | |
 11: | | | | | | | | | | | | | | | |
 10: |*| |*| | | | | | | | | | | | |
  9: | | | | | | | |O| | | | | | | |
  8: | |O| |*| | | | |*| | | | | | |
  7: | | |*| | | | | |*| | | | | | |
  6: |*| | |*|*|*|*| | |*| | | | | |
  5: | | | | | |*| |*| | | | | | | |
  4: | | | |*|*|*| |W 3| | |*| |O| | |
  3: | |*| | |*| | |*| | | | | | | |
  2: | | | | |NE 4|*|W 3| | | | | | | |*|
  1: | | | | | |O| | | | |*| | | | |
  0: |E 3| | | |*|*|*| | | |*| | | | |
 -1: -------------------------------

Object in position (0,0) moved to (0,0)
 y\x  0 1 2 3 4 5 6 7 8 91011121314
 15: -------------------------------
 14: | | | | | | | | | | | | | | |*|
 13: | | | | | | | | | | | | | | | |
 12: | | | | | |O| | | | | | | | | |
 11: | | | | | | | | | | | | | | | |
 10: |*|*|*| | | | | | | | | | | | |
  9: | | | | | | | |O| | | | | | | |
  8: | |O|*|*| | | | |*| | | | | |*|
  7: | | |*| | | | | |*| | | | | | |
  6: |*| | |*|*|*|*| | |*| | | | | |
  5: |*| | | | |*| |*| | | | | | | |
  4: | | | |*|*|*| |W 3| | |*| |O| | |
  3: | |*| | |*| | |*| | | | | |*| |
  2: | | | | |NE 4|*|W 3| | | | | | | |*|
  1: | | | | | |O| | | | |*| | | | |
  0: |NE 3| | | |*|*|*| | | |*| | | | |
 -1: -------------------------------

Object in position (6,2) moved to (7,1)
 y\x  0 1 2 3 4 5 6 7 8 91011121314
 15: -------------------------------
 14: | | | | | | | | | | | | | | |*|
 13: | | | | | | | | | | | | | | | |
 12: | | | | | |O| | | | | | | | | |
 11: | | | | | | | | | | | | | | | |
 10: |*|*|*| | | | | | | | | | | | |
  9: | | | | | | | |O| | | | | | | |
  8: | |O|*|*| | | | |*| | | | | |*|
  7: | | |*| | | | | |*| | | | | | |
  6: |*| | |*|*|*|*| | |*| | | | | |
  5: |*| | | | |*| |*| | | | | | | |
  4: | | | |*|*|*| |W 3| | |*| |O| | |
  3: | |*| | |*| | |*| | | | | |*| |
  2: | | | | |NE 4|*| | | | | | | | |*|
  1: | | | | | |O| |SE 2| | |*| | | | |
  0: |NE 3| | | |*|*|*| | | |*| | | | |
 -1: -------------------------------

Object in position (7,4) moved to (8,3)
 y\x  0 1 2 3 4 5 6 7 8 91011121314
 15: -------------------------------
 14: | | | | | | | | | | | | | | |*|
 13: | | | | | | | | | | | | | | | |
 12: | | | | | |O| | | | | | | | | |
 11: | | | | | | | | | | | | | | | |
 10: |*|*|*| | | | | | | | | | | | |
  9: | | | | | | | |O| | | | | | | |
  8: | |O|*|*| | | | |*| | | | | |*|
  7: | | |*| | | | | |*| | | | | | |
  6: |*| | |*|*|*|*| | |*| | | | | |
  5: |*| | | | |*| |*| | | | | | | |
  4: | | | |*|*|*| | | | |*| |O| | |
  3: | |*| | |*| | |*|SE 2| | | | |*| |
  2: | | | | |NE 4|*| | | | | | | | |*|
  1: | | | | | |O| |SE 2| | |*| | | | |
  0: |NE 3| | | |*|*|*| | | |*| | | | |
 -1: -------------------------------

Object in position (4,2) moved to (5,2)
 y\x  0 1 2 3 4 5 6 7 8 91011121314
 15: -------------------------------
 14: | | | | | | | | | | | | | | |*|
 13: | | | | | | | | | | | | | | | |
 12: | | | | | |O| | | | | | | | | |
 11: | | | | | | | | | | | | | | | |
 10: |*|*|*| | | | | | | | | | | | |
  9: | | | | | | | |O| | | | | | | |
  8: | |O|*|*| | | | |*| | | | | |*|
  7: | | |*| | | | | |*| | | | | | |
  6: |*| | |*|*|*|*| | |*| | | | | |
  5: |*| | | | |*| |*| | | | | | | |
  4: | | | |*|*|*| | | | |*| |O| | |
  3: | |*| | |*| | |*|SE 2| | | | |*| |
  2: | | | | | |E 3| | | | | | | | |*|
  1: | | | | | |O| |SE 2| | |*| | | | |
  0: |NE 3| | | |*|*|*| | | |*| | | | |
 -1: -------------------------------

Object in position (0,0) moved to (1,1)
 y\x  0 1 2 3 4 5 6 7 8 91011121314
 15: -------------------------------
 14: | | | | | | | | | | | | | | |*|
 13: | | | | | | | | | | | | | | | |
 12: | | | | | |O| | | | | | | | | |
 11: | | | | | | | | | | | | | | | |
 10: |*|*|*| | | | |*| | | | | | | |
  9: | | | | | | | |O| | | | | | | |
  8: | |O|*|*|*| |*| |*| | | | | |*|
  7: | | |*| | | | | |*| | | | | | |
  6: |*| | |*|*|*|*|*| |*| | | | | |
  5: |*| | | | |*| |*| | | | | | | |
  4: | | | |*|*|*| | | | |*| |O| | |
  3: |*|*| | |*| | |*|SE 2| | | | |*| |
  2: | | | | | |E 4| | | | | | | | |*|
  1: | |NE 2| | | |O| |SE 2| | |*| | | | |
  0: |O| | | |*|*|*| | | |*| | | | |
 -1: -------------------------------

Object in position (7,1) moved to (8,1)
 y\x  0 1 2 3 4 5 6 7 8 91011121314
 15: -------------------------------
 14: | | | | | | | | | | | | | | |*|
 13: | | | | | | | | | | | | | | | |
 12: | | | | | |O| | | | | | | | | |
 11: | | | | | | | | | | | | | | | |
 10: |*|*|*| | | | |*| | | | | | | |
  9: | | | | | | | |O| | | | | | | |
  8: | |O|*|*|*| |*| |*| | | | | |*|
  7: | | |*| | | | | |*| | | | | | |
  6: |*| | |*|*|*|*|*| |*| | | | | |
  5: |*| | | | |*| |*| | | | | | | |
  4: | | | |*|*|*| | | | |*| |O| | |
  3: |*|*| | |*| | |*|SE 2| | | | |*| |
  2: | | | | | |E 4| | | | | | | | |*|
  1: | |NE 2| | | |O| | |E 1| |*| | | | |
  0: |O| | | |*|*|*| | | |*| | | | |
 -1: -------------------------------

Object in position (8,3) moved to (9,2)
 y\x  0 1 2 3 4 5 6 7 8 91011121314
 15: -------------------------------
 14: | | | | | | | | | | | | | | |*|
 13: | | | | | | | | | | | | | | | |
 12: | | | | | |O| | | | | | | | | |
 11: | | | | | | | | | | | | | | | |
 10: |*|*|*| | | | |*| | | | | | | |
  9: | | | | | | | |O| | | | | | | |
  8: | |O|*|*|*| |*| |*| | | | | |*|
  7: | | |*| | | | | |*| | | | | | |
  6: |*| | |*|*|*|*|*| |*| | | | | |
  5: |*| | | | |*| |*| | | | | | | |
  4: | | | |*|*|*| | | | |*| |O| | |
  3: |*|*| | |*| | |*| | | | | |*| |
  2: | | | | | |E 4| | | |SE 1| | | | |*|
  1: | |NE 2| | | |O| | |E 1| |*| | | | |
  0: |O| | | |*|*|*| | | |*| | | | |
 -1: -------------------------------

Object in position (5,2) moved to (6,1)
 y\x  0 1 2 3 4 5 6 7 8 91011121314
 15: -------------------------------
 14: | | | | | | | | | | | | | | |*|
 13: | | | | | | | | | | | | | | | |
 12: | | | | | |O| | | | | | | | | |
 11: | | | | | | | | | | | | | | | |
 10: |*|*|*| | | | |*| | | | | | | |
  9: | | | | | | | |O| | | | | | | |
  8: | |O|*|*|*| |*| |*| | | | | |*|
  7: | | |*| | | | | |*| | | | | | |
  6: |*| | |*|*|*|*|*| |*| | | | | |
  5: |*| | | | |*| |*| | | | | | | |
  4: | | | |*|*|*| | | | |*| |O| | |
  3: |*|*| | |*| | |*| | | | | |*| |
  2: | | | | | | | | | |SE 1| | | | |*|
  1: | |NE 2| | | |O|SE 3| |E 1| |*| | | | |
  0: |O| | | |*|*|*| | | |*| | | | |
 -1: -------------------------------

Object in position (1,1) moved to (2,2)
 y\x  0 1 2 3 4 5 6 7 8 91011121314
 15: -------------------------------
 14: | | | | | | | | | | | | | | |*|
 13: | | | | | | | | | | | | | | | |
 12: | | | | | |O| | | | | | | | | |
 11: | | | | | | | | | | | | | | | |
 10: |*|*|*| | | | |*| |*| | | | | |
  9: | | | | | | | |O| |*| | | | | |
  8: | |O|*|*|*| |*| |*|*| | | | |*|
  7: | | |*| | | | | |*| | | | | | |
  6: |*| | |*|*|*|*|*| |*| | | | | |
  5: |*| | | | |*| |*| | | | | | | |
  4: | | | |*|*|*| | | | |*| |O| | |
  3: |*|*| | |*| |*|*| | | | | |*| |
  2: | | |NE 1| | | | | | |SE 1| | | | |*|
  1: | | | | | |*|SE 3| |E 1| |*| | | | |
  0: |O| | | |*|*|*| | | |*| | | | |
 -1: -------------------------------

Object in position (8,1) moved to (9,2)
 y\x  0 1 2 3 4 5 6 7 8 91011121314
 15: -------------------------------
 14: | | | | | | | | | | | | | | |*|
 13: | | | | | | | | | | | | | | | |
 12: | | | | | |O| | | | | | | | | |
 11: | | | | | | | | | | | | | | | |
 10: |*|*|*| | | | |*| |*| | | | | |
  9: | | | | | | | |O| |*| | | | | |
  8: | |O|*|*|*| |*| |*|*| | | | |*|
  7: | | |*| | | | | |*| | | | | | |
  6: |*| | |*|*|*|*|*| |*| | | | | |
  5: |*| | | | |*| |*| | | | | | | |
  4: | | | |*|*|*| | | | |*| |O| | |
  3: |*|*| | |*| |*|*| | | | | |*| |
  2: | | |NE 1| | | | | | |SE 1| | | | |*|
  1: | | | | | |*|SE 3| | | |*| | | | |
  0: |O| | | |*|*|*| | | |*| | | | |
 -1: -------------------------------

Object in position (9,2) moved to (10,3)
 y\x  0 1 2 3 4 5 6 7 8 91011121314
 15: -------------------------------
 14: | | | | | | | | | | | | | | |*|
 13: | | | | | | | | | | | | | | | |
 12: | | | | | |O| | | | | | | | | |
 11: | | | | | | | | | | | | | | | |
 10: |*|*|*| | | | |*| |*| | | | | |
  9: | | | | | | | |O| |*| | | | | |
  8: | |O|*|*|*| |*| |*|*| | | | |*|
  7: | | |*| | | | | |*| | | | | | |
  6: |*| | |*|*|*|*|*| |*| | | | | |
  5: |*| | | | |*| |*| | | | | | | |
  4: | | | |*|*|*| | | | |*| |O| | |
  3: |*|*| | |*| |*|*| | |NE 0| | |*| |
  2: | | |NE 1| | | | | | |NE 0| | | | |*|
  1: | | | | | |*|SE 3| | | |*| | | | |
  0: |O| | | |*|*|*| | | |*| | | | |
 -1: -------------------------------

Object in position (6,1) moved to (6,0)
 y\x  0 1 2 3 4 5 6 7 8 91011121314
 15: -------------------------------
 14: | | | | | | | | | | | | | | |*|
 13: | | | | | | | | | | | | | | | |
 12: | | | | | |O| | | | | | | | | |
 11: | | | | | | | | | | | | | | | |
 10: |*|*|*| | | | |*| |*| | | | | |
  9: | | | | | | | |O| |*| | | | | |
  8: | |O|*|*|*| |*| |*|*| | | | |*|
  7: | | |*| | | | | |*| | | | | | |
  6: |*| | |*|*|*|*|*| |*| | | | | |
  5: |*| | | | |*| |*| | | | | | | |
  4: | | | |*|*|*| | | | |*| |O| | |
  3: |*|*| | |*| |*|*| | |NE 0| | |*| |
  2: | | |NE 1| | | | | | |NE 0| | | | |*|
  1: | | | | | |*| | | | |*| | | | |
  0: |O| | | |*|*|S 2| | | |*| | | | |
 -1: -------------------------------

Object in position (2,2) moved to (3,1)
 y\x  0 1 2 3 4 5 6 7 8 91011121314
 15: -------------------------------
 14: | | | | | | | | | | | | | | |*|
 13: | | | | | | | | | | | | | | | |
 12: | | | | | |O| | | | | | | | | |
 11: | | | | | | | | | | | | | | | |
 10: |*|*|*| | | | |*| |*| | | | | |
  9: | | |*| | | | |O| |*| | | | | |
  8: | |O|*|*|*| |*| |*|*| | | | |*|
  7: | | |*| | | | | |*| | | | | | |
  6: |*| |*|*|*|*|*|*| |*| | | | | |
  5: |*| | |*| |*| |*| | | | | | | |
  4: | | | |*|*|*| | | | |*| |O| | |
  3: |*|*| | |*|*|*|*| | | | | |*| |
  2: | | | |*| | | | | | | | | | |*|
  1: | | | |SE 0| |*| | | | |*| | | | |
  0: |O| | | |*|*|S 3| | | |*| | | | |
 -1: -------------------------------

Object in position (6,0) moved to (6,1)
 y\x  0 1 2 3 4 5 6 7 8 91011121314
 15: -------------------------------
 14: | | | | | | | | | | | | | | |*|
 13: | | | | | | | | | | | | | | | |
 12: | | | | | |O| | | | | | | | | |
 11: | | | | | | | | | | | | | | | |
 10: |*|*|*| | | | |*| |*| | | | | |
  9: | | |*| | | | |O| |*| | | | | |
  8: | |O|*|*|*| |*| |*|*| | | | |*|
  7: | | |*| | | | | |*| | | | | | |
  6: |*| |*|*|*|*|*|*| |*| | | | | |
  5: |*| | |*| |*| |*| | | | | | | |
  4: | | | |*|*|*| | | | |*| |O| | |
  3: |*|*| | |*|*|*|*| | | | | |*| |
  2: | | | |*| | | | | | | | | | |*|
  1: | | | |SE 0| |*|N 2| | | |*| | | | |
  0: |O| | | |*|*| | | | |*| | | | |
 -1: -------------------------------

Object in position (6,1) moved to (7,2)
 y\x  0 1 2 3 4 5 6 7 8 91011121314
 15: -------------------------------
 14: | | | | | | | | | | | | | | |*|
 13: | | | | | | | | | | | | | | | |
 12: | | | | | |O| | | | | | | | | |
 11: | | | | | | | | | | | | | | | |
 10: |*|*|*|*| | |*|*| |*| | | | | |
  9: | | |*| | | | |O| |*| | | | | |
  8: | |O|*|*|*| |*| |*|*| | | | |*|
  7: | | |*| | | | | |*| | | |*| | |
  6: |*| |*|*|*|*|*|*| |*| | | | | |
  5: |*| | |*| |*| |*| | | | | | | |
  4: | | | |*|*|*| | | | |*| |O| | |
  3: |*|*| | |*|*|*|*| | | | | |*| |
  2: | | | |*| | | |NE 1| | | | | | |*|
  1: | | | | | |*| |*| | |*| | | | |
  0: |O| | | |*|*| |*| | |*| | | | |
 -1: -------------------------------

Object in position (7,2) moved to (8,2)
 y\x  0 1 2 3 4 5 6 7 8 91011121314
 15: -------------------------------
 14: | | | | | | | | | | | | | | |*|
 13: | | | | | | | | | | | | | | | |
 12: | | | | | |O| | | | | | | | | |
 11: | | | | | | | | | | | | | | | |
 10: |*|*|*|*| | |*|*| |*| | | | | |
  9: | | |*| | | | |O| |*| | | | | |
  8: | |O|*|*|*| |*| |*|*| | | | |*|
  7: | | |*| | | | | |*| | | |*| | |
  6: |*| |*|*|*|*|*|*| |*| | | | | |
  5: |*| | |*| |*| |*| |*| | | | | |
  4: |*| | |*|*|*| | | | |*| |O| | |
  3: |*|*| | |*|*|*|*| | | | | |*| |
  2: | | | |*| | |*|*|E 0| | | | | |*|
  1: | | | | | |*| |*| | |*| | | | |
  0: |O| |*| |*|*| |*| | |*| | | | |
 -1: -------------------------------

