Object in position (0,0) moved to (0,1)
 y\x  0 1 2 3 4 5 6 7 8 91011121314
 15: -------------------------------
 14: | | | | | | | | | | | | | | | |
 13: | | | |O| | | |O| | | | | | | |
 12: | | | | | | | | | | | | | | | |
 11: | | | | | | | | | | | | | | |O|
 10: | | | | | | | | | | | | | | | |
  9: | | | | | | | | | | | | | | | |
  8: | | | | | | | | | | | | | | | |
  7: | | | | | | | | | | | | | | | |
  6: | |O| | | | | | |O| | | | | | |
  5: | | | | | | | | | | | | | | | |
  4: | | | | | | | | |*| | |O| | | |
  3: | | | | | | |S| | | | | | | | |
  2: | | | | | | | |NW| | | | | | | |
  1: |N| | | | | | | | | | | | | | |
  0: |E| | | | | | | | | | | | | | |
 -1: -------------------------------

Object in position (0,0) moved to (0,0)
 y\x  0 1 2 3 4 5 6 7 8 91011121314
 15: -------------------------------
 14: | | | | | | | | | | | | | | | |
 13: | | | |O| | | |O| | | | | | | |
 12: | | | | | | | | | | | | | | | |
 11: | | | | | | | | | | | | | | |O|
 10: | | | | | | | | | | | | | | | |
  9: | | | | | | | | | | | | | | | |
  8: | | | | | | | | | | | | | | | |
  7: | | | | | | | | | | | | | | | |
  6: | |O| | | | | | |O| | | | | | |
  5: | | | | | | | | | | | | | | | |
  4: | | | | | | | | |*| | |O| | | |
  3: | | | | | | |S| | | | | | | | |
  2: | | | | | | | |NW| | | | | | | |
  1: |N| | | | | | | | | | | | | | |
  0: |NE| | | | | | | | | | | | | | |
 -1: -------------------------------

Object in position (7,2) moved to (6,2)
 y\x  0 1 2 3 4 5 6 7 8 91011121314
 15: -------------------------------
 14: | | | | | | | | | | | | | | | |
 13: | | | |O| | | |O| | | | | | | |
 12: | | | | | | | | | | | | | | | |
 11: | | | | | | | | | | | | | | |O|
 10: | | | | | | | | | | | | | | | |
  9: | | | | | | | | | | | | | | | |
  8: | | | | | | | | | | | | | | | |
  7: | | | | | | | | | | | | | | | |
  6: | |O| | | | | | |O| | | | | | |
  5: | | | | | | | | | | | | | | | |
  4: | | | | | | | | |*| | |O| | | |
  3: | | | | | | |S| | | | | | | | |
  2: | | | | | | |W| | | | | | | | |
  1: |N| | | | | | | | | | | | | | |
  0: |NE| | | | | | | | | | | | | | |
 -1: -------------------------------

Object in position (6,3) moved to (6,4)
 y\x  0 1 2 3 4 5 6 7 8 91011121314
 15: -------------------------------
 14: | | | | | | | | | | | | | | | |
 13: | | | |O| | | |O| | | | | | | |
 12: | | | | | | | | | | | | | | | |
 11: | | | | | | | | | | | | | | |O|
 10: | | | | | | | | | | | | | | | |
  9: | | | | | | | | | | | | | | | |
  8: | | | | | | | | | | | | | | | |
  7: | | | | | | | | | | | | | | | |
  6: | |O| | | | | | |O| | | | | | |
  5: | | | | | | | | | | | | | | | |
  4: | | | | | | |N| |*| | |O| | | |
  3: | | | | | | | | | | | | | | | |
  2: | | | | | | |W| | | | | | | | |
  1: |N| | | | | | | | | | | | | | |
  0: |NE| | | | | | | | | | | | | | |
 -1: -------------------------------

Object in position (0,0) moved to (1,0)
 y\x  0 1 2 3 4 5 6 7 8 91011121314
 15: -------------------------------
 14: | | | | | | | | | | | | | | | |
 13: | | | |O| | | |O| | | | | | | |
 12: | | | | | |*| | | | | | | | | |
 11: | | | | | | | | | | | | | | |O|
 10: | | | |*| | | | | | | | | | | |
  9: | | | | | | | | | | | | | | | |
  8: | | | | | | | | | | | | | | | |
  7: | |*| | | | |*| | | | | | | | |
  6: | |O| | | | | | |O| | | | | | |
  5: | | | | | | | | | | | | | | | |
  4: | | | | | | |N| |*| | |O| | | |
  3: | | | | | | | | | | | | | | | |
  2: | | | | | | |W| | | | | | | | |
  1: |N|*| | | | | | | | | | | | | |
  0: | |E| | | | | | | | | | | | | |
 -1: -------------------------------

Object in position (0,1) moved to (1,2)
 y\x  0 1 2 3 4 5 6 7 8 91011121314
 15: -------------------------------
 14: | | | | | | | | | | | | | | | |
 13: | | | |O| | | |O| | | | | | | |
 12: | | | | | |*| | | | | | | | | |
 11: | | | | | | | | | | | | | | |O|
 10: | | | |*| | | | | | | | | | | |
  9: | | | | | | | | | | | | | | | |
  8: | | | | | | | | | | | | | | | |
  7: | |*| | | | |*| | | | | | | | |
  6: | |O| | | | | | |O| | | | | | |
  5: | | | | | | | | | | | | | | | |
  4: | | | | | | |N| |*| | |O| | | |
  3: | | | | | | | | | | | | | | | |
  2: | |NE| | | | |W| | | | | | | | |
  1: | |*| | | | | | | | | | | | | |
  0: | |E| | | | | | | | | | | | | |
 -1: -------------------------------

Object in position (6,2) moved to (5,2)
 y\x  0 1 2 3 4 5 6 7 8 91011121314
 15: -------------------------------
 14: | | | | | | | | | | | | | | | |
 13: | | | |O| | | |O| | | | | | | |
 12: | | | | | |*| | | | | | | | | |
 11: | | | | | | | | | | | | | | |O|
 10: | | | |*| | | | | | | | | | | |
  9: | | | | | | | | | | | | | | | |
  8: | | | | | | | | | | | | | | | |
  7: | |*| | | | |*| | | | | | | | |
  6: | |O| | | | | | |O| | | | | | |
  5: | | | | | | | | | | | | | | | |
  4: | | | | | | |N| |*| | |O| | | |
  3: | | | | | | | | | | | | | | | |
  2: | |NE| | | |W| | | | | | | | | |
  1: | |*| | | | | | | | | | | | | |
  0: | |E| | | | | | | | | | | | | |
 -1: -------------------------------

Object in position (6,4) moved to (5,4)
 y\x  0 1 2 3 4 5 6 7 8 91011121314
 15: -------------------------------
 14: | | | | | | | | | | | | | | | |
 13: | | | |O| | | |O| | | | | | | |
 12: | | | | | |*| | | | | | | | | |
 11: | | | | | | | | | | | | | | |O|
 10: | | | |*| | | | | | | | | | | |
  9: | | | | | | | | | | | | | | | |
  8: | | | | | | | | | | | | | | | |
  7: | |*| | | | |*| | | | | | | | |
  6: | |O| | | | | | |O| | | | | | |
  5: | | | | | | | | | | | | | | | |
  4: | | | | | |W| | |*| | |O| | | |
  3: | | | | | | | | | | | | | | | |
  2: | |NE| | | |W| | | | | | | | | |
  1: | |*| | | | | | | | | | | | | |
  0: | |E| | | | | | | | | | | | | |
 -1: -------------------------------

Object in position (1,0) moved to (1,0)
 y\x  0 1 2 3 4 5 6 7 8 91011121314
 15: -------------------------------
 14: | | | |*| | | | | | | | | | | |
 13: | | | |O| | | |O| | | | | | | |
 12: | | | | | |*| | | | | | | | | |
 11: | | | | | | | | | | | | | | |O|
 10: | | | |*| |*| | | | | | | | | |
  9: | | | | | | | | | | | | | | | |
  8: | | | |*| | | | | | | | | | | |
  7: |*|*| | | | |*| | | | | | | | |
  6: | |O| | | | | | |O| | | | | | |
  5: | | | | | | | | | | | | | | | |
  4: | | | | | |W| | |*| | |O| | | |
  3: | | | | | | | | | | | | | | | |
  2: | |NE| | | |W| | | | | | | | | |
  1: | |*| | | | | | | | |*| | | | |
  0: | |NE| | | | | | | | | | | | | |
 -1: -------------------------------

Object in position (5,4) moved to (6,3)
 y\x  0 1 2 3 4 5 6 7 8 91011121314
 15: -------------------------------
 14: | | | |*| | | | | | | | | | | |
 13: | | | |O| | | |O| | | | | | | |
 12: | | | | | |*| | | | | | | | | |
 11: | | | | | | | | | | | | | | |O|
 10: | | | |*| |*| | | | | | | | | |
  9: | | | | | | | | | | | | | | | |
  8: | | | |*| | | | | | | | | | | |
  7: |*|*| | | | |*| | | | | | | | |
  6: | |O| | | | | | |O| | | | | | |
  5: | | | | | | | | | | | | | | | |
  4: | | | | | | | | |*| | |O| | | |
  3: | | | | | | |SE| | | | | | | | |
  2: | |NE| | | |W| | | | | | | | | |
  1: | |*| | | | | | | | |*| | | | |
  0: | |NE| | | | | | | | | | | | | |
 -1: -------------------------------

Object in position (1,2) moved to (2,2)
 y\x  0 1 2 3 4 5 6 7 8 91011121314
 15: -------------------------------
 14: | | | |*| | | | | | | | | | | |
 13: | | | |O| | | |O| | | | | | | |
 12: | | | | | |*| | | | | | | | | |
 11: | | | | | | | | | | | | | | |O|
 10: | | | |*| |*| | | | | | | | | |
  9: | | | | | | | | | | | | | | | |
  8: | | | |*| | | | | | | | | | | |
  7: |*|*| | | | |*| | | | | | | | |
  6: | |O| | | | | | |O| | | | | | |
  5: | | | | | | | | | | | | | | | |
  4: | | | | | | | | |*| | |O| | | |
  3: | | | | | | |SE| | | | | | | | |
  2: | | |E| | |W| | | | | | | | | |
  1: | |*| | | | | | | | |*| | | | |
  0: | |NE| | | | | | | | | | | | | |
 -1: -------------------------------

Object in position (5,2) moved to (6,1)
 y\x  0 1 2 3 4 5 6 7 8 91011121314
 15: -------------------------------
 14: | | | |*| | | | | | | | | | | |
 13: | | | |O| | | |O| | | | | | | |
 12: | | | | | |*| | | | | | | | | |
 11: | | | | | | | | | | | | | | |O|
 10: | | | |*| |*| | | | | | | | | |
  9: | | | | | | | | | | | | | | | |
  8: | | | |*| | | | | | | | | | | |
  7: |*|*| | | | |*| | | | | | | | |
  6: | |O| | | | | | |O| | | | | | |
  5: | | | | | | | | | | | | | | | |
  4: | | | | | | | | |*| | |O| | | |
  3: | | | | | | |SE| | | | | | | | |
  2: | | |E| | | | | | | | | | | | |
  1: | |*| | | | |SE| | | |*| | | | |
  0: | |NE| | | | | | | | | | | | | |
 -1: -------------------------------

Object in position (1,0) moved to (2,1)
 y\x  0 1 2 3 4 5 6 7 8 91011121314
 15: -------------------------------
 14: | | | |*| | | | | | | | | | | |
 13: |*| | |O| | | |O| | | | | | | |
 12: | | | | | |*| | | | | | | | | |
 11: | | | | | | | |*| | | | | | |O|
 10: | | | |*| |*| | | | | | | | | |
  9: | | | | | | | | | | | | | | | |
  8: | | | |*| | | | | | | | | | | |
  7: |*|*| | | | |*| | | |*| | | | |
  6: | |O| | | | | | |O| | | | | | |
  5: | | | | | | | | | | | | | | | |
  4: | | | | | | | | |*| | |O| | | |
  3: | | | | | | |SE| | | | | | | | |
  2: | | |E|*| | | | | | | | | | | |
  1: | |*|NE| | | |SE| | | |*| | | | |
  0: | | | | | | | | | | |*| | | | |
 -1: -------------------------------

Object in position (2,2) moved to (3,1)
 y\x  0 1 2 3 4 5 6 7 8 91011121314
 15: -------------------------------
 14: | | | |*| | | | | | | | | | | |
 13: |*| | |O| | | |O| | | | | | | |
 12: | | | | | |*| | | | | | | | | |
 11: | | | | | | | |*| | | | | | |O|
 10: | | | |*| |*| | | | | | | | | |
  9: | | | | | | | | | | | | | | | |
  8: | | | |*| | | | | | | | | | | |
  7: |*|*| | | | |*| | | |*| | | | |
  6: | |O| | | | | | |O| | | | | | |
  5: | | | | | | | | | | | | | | | |
  4: | | | | | | | | |*| | |O| | | |
  3: | | | | | | |SE| | | | | | | | |
  2: | | | |*| | | | | | | | | | | |
  1: | |*|NE|SE| | |SE| | | |*| | | | |
  0: | | | | | | | | | | |*| | | | |
 -1: -------------------------------

Object in position (6,1) moved to (7,1)
 y\x  0 1 2 3 4 5 6 7 8 91011121314
 15: -------------------------------
 14: | | | |*| | | | | | | | | | | |
 13: |*| | |O| | | |O| | | | | | | |
 12: | | | | | |*| | | | | | | | | |
 11: | | | | | | | |*| | | | | | |O|
 10: | | | |*| |*| | | | | | | | | |
  9: | | | | | | | | | | | | | | | |
  8: | | | |*| | | | | | | | | | | |
  7: |*|*| | | | |*| | | |*| | | | |
  6: | |O| | | | | | |O| | | | | | |
  5: | | | | | | | | | | | | | | | |
  4: | | | | | | | | |*| | |O| | | |
  3: | | | | | | |SE| | | | | | | | |
  2: | | | |*| | | | | | | | | | | |
  1: | |*|NE|SE| | | |E| | |*| | | | |
  0: | | | | | | | | | | |*| | | | |
 -1: -------------------------------

Object in position (6,3) moved to (7,2)
 y\x  0 1 2 3 4 5 6 7 8 91011121314
 15: -------------------------------
 14: | | | |*| | | | | | | | | | | |
 13: |*| | |O| | | |O| | | | | | | |
 12: | | | | | |*| | | | | | | | | |
 11: | | | | | | | |*| | | | | | |O|
 10: | | | |*| |*| | | | | | | | | |
  9: | | | | | | | | | | | | | | | |
  8: | | | |*| | | | | | | | | | | |
  7: |*|*| | | | |*| | | |*| | | | |
  6: | |O| | | | | | |O| | | | | | |
  5: | | | | | | | | | | | | | | | |
  4: | | | | | | | | |*| | |O| | | |
  3: | | | | | | | | | | | | | | | |
  2: | | | |*| | | |SE| | | | | | | |
  1: | |*|NE|SE| | | |E| | |*| | | | |
  0: | | | | | | | | | | |*| | | | |
 -1: -------------------------------

Object in position (2,1) moved to (3,2)
 y\x  0 1 2 3 4 5 6 7 8 91011121314
 15: -------------------------------
 14: | | | |*| | | | | | | | | | | |
 13: |*| | |O| | | |O| | | | | | | |
 12: | | | | | |*| | | | | | | | | |
 11: | | | | | | | |*|*| | | | | |O|
 10: | | | |*| |*| | | | | | | | | |
  9: | | | | | | | | | | | | | | | |
  8: | | | |*|*| | | | | | | | | | |
  7: |*|*| | | | |*| | | |*| | | | |
  6: | |O| | | | | | |O| | | | | | |
  5: | | | | | | | | | | | | | | | |
  4: | | | | | | | | |*| |*|O| | | |
  3: | | | | | | | | | | | | | | | |
  2: | |*| |NE| | | |SE| | | | | | | |
  1: | |*| |SE| | | |E| | |*| | | | |
  0: | | |*| | | | | | | |*| | | | |
 -1: -------------------------------

Object in position (7,1) moved to (8,2)
 y\x  0 1 2 3 4 5 6 7 8 91011121314
 15: -------------------------------
 14: | | | |*| | | | | | | | | | | |
 13: |*| | |O| | | |O| | | | | | | |
 12: | | | | | |*| | | | | | | | | |
 11: | | | | | | | |*|*| | | | | |O|
 10: | | | |*| |*| | | | | | | | | |
  9: | | | | | | | | | | | | | | | |
  8: | | | |*|*| | | | | | | | | | |
  7: |*|*| | | | |*| | | |*| | | | |
  6: | |O| | | | | | |O| | | | | | |
  5: | | | | | | | | | | | | | | | |
  4: | | | | | | | | |*| |*|O| | | |
  3: | | | | | | | | | | | | | | | |
  2: | |*| |NE| | | |SE|NE| | | | | | |
  1: | |*| |SE| | | | | | |*| | | | |
  0: | | |*| | | | | | | |*| | | | |
 -1: -------------------------------

Object in position (7,2) moved to (8,3)
 y\x  0 1 2 3 4 5 6 7 8 91011121314
 15: -------------------------------
 14: | | | |*| | | | | | | | | | | |
 13: |*| | |O| | | |O| | | | | | | |
 12: | | | | | |*| | | | | | | | | |
 11: | | | | | | | |*|*| | | | | |O|
 10: | | | |*| |*| | | | | | | | | |
  9: | | | | | | | | | | | | | | | |
  8: | | | |*|*| | | | | | | | | | |
  7: |*|*| | | | |*| | | |*| | | | |
  6: | |O| | | | | | |O| | | | | | |
  5: | | | | | | | | | | | | | | | |
  4: | | | | | | | | |*| |*|O| | | |
  3: | | | | | | | | |NE| | | | | | |
  2: | |*| |NE| | | | |NE| | | | | | |
  1: | |*| |SE| | | | | | |*| | | | |
  0: | | |*| | | | | | | |*| | | | |
 -1: -------------------------------

Object in position (3,1) moved to (3,0)
 y\x  0 1 2 3 4 5 6 7 8 91011121314
 15: -------------------------------
 14: | | | |*| | | | | | | | | | | |
 13: |*| | |O| | | |O| | | | | | | |
 12: | | | | | |*| | | | | | | | | |
 11: | | | | | | | |*|*| | | | | |O|
 10: | | | |*| |*| | | | | | | | | |
  9: | | | | | | | | | | | | | | | |
  8: | | | |*|*| | | | | | | | | | |
  7: |*|*| | | | |*| | | |*| | | | |
  6: | |O| | | | | | |O| | | | | | |
  5: | | | | | | | | | | | | | | | |
  4: | | | | | | | | |*| |*|O| | | |
  3: | | | | | | | | |NE| | | | | | |
  2: | |*| |NE| | | | |NE| | | | | | |
  1: | |*| | | | | | | | |*| | | | |
  0: | | |*|S| | | | | | |*| | | | |
 -1: -------------------------------

Object in position (3,2) moved to (4,1)
 y\x  0 1 2 3 4 5 6 7 8 91011121314
 15: -------------------------------
 14: | | | |*| | | | | | | | | | | |
 13: |*| | |O| | | |O| | | | | | | |
 12: | | | | | |*| | | | | | | | | |
 11: | | | | | | | |*|*| | | | | |O|
 10: | | | |*| |*| | | | | | | | | |
  9: | | | | |*| | | | | | | | | | |
  8: | | | |*|*| | | | | | | | | | |
  7: |*|*| | | | |*| | | |*| | | | |
  6: | |O| | | | | | |O| | | | | | |
  5: |*| | | | | | | | |*| | | | | |
  4: | | | | | | | | |*| |*|O| | | |
  3: | | | | | | | | |NE| | | | | | |
  2: | |*| | | | | | |NE| | | | | | |
  1: | |*|*| |SE| | | |*| |*| | | | |
  0: | | |*|S| | | | | | |*| | | | |
 -1: -------------------------------

Object in position (8,2) moved to (7,2)
 y\x  0 1 2 3 4 5 6 7 8 91011121314
 15: -------------------------------
 14: | | | |*| | | | | | | | | | | |
 13: |*| | |O| | | |O| | | | | | | |
 12: | | | | | |*| | | | | | | | | |
 11: | | | | | | | |*|*| | | | | |O|
 10: | | | |*| |*| | | | | | | | | |
  9: | | | | |*| | | | | | | | | | |
  8: | | | |*|*| | | | | | | | | | |
  7: |*|*| | | | |*| | | |*| | | | |
  6: | |O| | | | | | |O| | | | | | |
  5: |*| | | | | | | | |*| | | | | |
  4: | | | | | | | | |*| |*|O| | | |
  3: | | | | | | | | |NE| | | | | | |
  2: | |*| | | | | |W| | | | | | | |
  1: | |*|*| |SE| | | |*| |*| | | | |
  0: | | |*|S| | | | | | |*| | | | |
 -1: -------------------------------

Object in position (8,3) moved to (8,4)
 y\x  0 1 2 3 4 5 6 7 8 91011121314
 15: -------------------------------
 14: | | | |*| | | | | | | | | | | |
 13: |*| | |O| | | |O| | | | | | | |
 12: | | | | | |*| | | | | | | | | |
 11: | | | | | | | |*|*| | | | | |O|
 10: | | | |*| |*| | | | | | | | | |
  9: | | | | |*| | | | | | | | | | |
  8: | | | |*|*| | | | | | | | | | |
  7: |*|*| | | | |*| | | |*| | | | |
  6: | |O| | | | | | |O| | | | | | |
  5: |*| | | | | | | | |*| | | | | |
  4: | | | | | | | | |N| |*|O| | | |
  3: | | | | | | | | | | | | | | | |
  2: | |*| | | | | |W| | | | | | | |
  1: | |*|*| |SE| | | |*| |*| | | | |
  0: | | |*|S| | | | | | |*| | | | |
 -1: -------------------------------

Object in position (3,0) moved to (3,1)
 y\x  0 1 2 3 4 5 6 7 8 91011121314
 15: -------------------------------
 14: | | | |*| | | | | | | | | | | |
 13: |*| | |O| | | |O| | | | | | | |
 12: | | | | | |*| | | | | | | | | |
 11: | | | | | | | |*|*| | | | | |O|
 10: | | | |*| |*| | | | | | | | | |
  9: | | | | |*| | | | | | | | | | |
  8: | | | |*|*| | | | | | | | | | |
  7: |*|*| | | | |*| | | |*| | | | |
  6: | |O| | | | | | |O| | | | | | |
  5: |*| | | | | | | | |*| | | | | |
  4: | | | | | | | | |N| |*|O| | | |
  3: | | | | | | | | | | | | | | | |
  2: | |*| | | | | |W| | | | | | | |
  1: | |*|*|N|SE| | | |*| |*| | | | |
  0: | | |*| | | | | | | |*| | | | |
 -1: -------------------------------

Object in position (7,2) moved to (6,2)
 y\x  0 1 2 3 4 5 6 7 8 91011121314
 15: -------------------------------
 14: | | | |*| | | | | | | | | | | |
 13: |*| | |O| | | |O| | | | | | | |
 12: | | | | | |*| | | | | | | | | |
 11: | | | | | | | |*|*| | | | | |O|
 10: | | | |*| |*| | | | |*| | | | |
  9: | | | | |*| | | | | | | | | | |
  8: | |*| |*|*| | | | | | | | | | |
  7: |*|*| | | | |*| | | |*| | | | |
  6: | |O| | | | | | |O| | | | | | |
  5: |*| | | | | | | | |*| | | | | |
  4: | | | | | | | | |N| |*|O| | | |
  3: | | | | | | | | | | | | | | | |
  2: | |*| | |*| |W| | | | | | | | |
  1: |*|*|*|N|SE| | | |*| |*| | | | |
  0: | | |*| |*| | | | | |*| | | | |
 -1: -------------------------------

Object in position (8,4) moved to (7,4)
 y\x  0 1 2 3 4 5 6 7 8 91011121314
 15: -------------------------------
 14: | | | |*| | | | | | | | | | | |
 13: |*| | |O| | | |O| | | | | | | |
 12: | | | | | |*| | | | | | | | | |
 11: | | | | | | | |*|*| | | | | |O|
 10: | | | |*| |*| | | | |*| | | | |
  9: | | | | |*| | | | | | | | | | |
  8: | |*| |*|*| | | | | | | | | | |
  7: |*|*| | | | |*| | | |*| | | | |
  6: | |O| | | | | | |O| | | | | | |
  5: |*| | | | | | | | |*| | | | | |
  4: | | | | | | | |W| | |*|O| | | |
  3: | | | | | | | | | | | | | | | |
  2: | |*| | |*| |W| | | | | | | | |
  1: |*|*|*|N|SE| | | |*| |*| | | | |
  0: | | |*| |*| | | | | |*| | | | |
 -1: -------------------------------

Object in position (4,1) moved to (5,1)
 y\x  0 1 2 3 4 5 6 7 8 91011121314
 15: -------------------------------
 14: | | | |*| | | | | | | | | | | |
 13: |*| | |O| | | |O| | | | | | | |
 12: | | | | | |*| | | | | | | | | |
 11: | | | | | | | |*|*| | | | | |O|
 10: | | | |*| |*| | | | |*| | | | |
  9: | | | | |*| | | | | | | | | | |
  8: | |*| |*|*| | | | | | | | | | |
  7: |*|*| | | | |*| | | |*| | | | |
  6: | |O| | | | | | |O| | | | | | |
  5: |*| | | | | | | | |*| | | | | |
  4: | | | | | | | |W| | |*|O| | | |
  3: | | | | | | | | | | | | | | | |
  2: | |*| | |*| |W| | | | | | | | |
  1: |*|*|*|N| |E| | |*| |*| | | | |
  0: | | |*| |*| | | | | |*| | | | |
 -1: -------------------------------

Object in position (3,1) moved to (4,2)
 y\x  0 1 2 3 4 5 6 7 8 91011121314
 15: -------------------------------
 14: | | | |*| | | | | | | | | | | |
 13: |*| | |O| | | |O| | | | | | | |
 12: | | | | | |*| | | | | | | | | |
 11: | | | | | | | |*|*| | | | | |O|
 10: | | | |*| |*| | | | |*| | | | |
  9: | | | | |*| | | | | | | | | | |
  8: | |*| |*|*| | | | | | | | | | |
  7: |*|*| | | | |*| | | |*| | | | |
  6: | |O| | | | | | |O| | | | | | |
  5: |*| | | | | | | | |*| | | | | |
  4: | | | | | | | |W| | |*|O| | | |
  3: | | | | | | | | | | | | | | | |
  2: | |*| | |NE| |W| | | | | | | | |
  1: |*|*|*| | |E| | |*| |*| | | | |
  0: | | |*| |*| | | | | |*| | | | |
 -1: -------------------------------

Object in position (6,2) moved to (7,1)
 y\x  0 1 2 3 4 5 6 7 8 91011121314
 15: -------------------------------
 14: | | | |*| | | | | | | | | | | |
 13: |*| | |O| | | |O| | | | | | | |
 12: | | | | | |*| | | | | | | | | |
 11: | | | | | | | |*|*| | | | | |O|
 10: | | | |*| |*| | | | |*| | | | |
  9: | | | | |*| | | | | | | | | | |
  8: | |*|*|*|*| | | | | | | | | | |
  7: |*|*| | | | |*| | | |*| | | | |
  6: | |*| | | | | | |O| |*| | | | |
  5: |*| | | | | | |*| |*| | | | | |
  4: | | | | | | | |W| | |*|O| | | |
  3: | | | | | | | | | | | | | | | |
  2: | |*| | |NE| | | | | | | | | | |
  1: |*|*|*| | |E|*|SE|*| |*| | | | |
  0: | | |*| |*| | | | | |*| | | | |
 -1: -------------------------------

Object in position (5,1) moved to (6,0)
 y\x  0 1 2 3 4 5 6 7 8 91011121314
 15: -------------------------------
 14: | | | |*| | | | | | | | | | | |
 13: |*| | |O| | | |O| | | | | | | |
 12: | | | | | |*| | | | | | | | | |
 11: | | | | | | | |*|*| | | | | |O|
 10: | | | |*| |*| | | | |*| | | | |
  9: | | | | |*| | | | | | | | | | |
  8: | |*|*|*|*| | | | | | | | | | |
  7: |*|*| | | | |*| | | |*| | | | |
  6: | |*| | | | | | |O| |*| | | | |
  5: |*| | | | | | |*| |*| | | | | |
  4: | | | | | | | |W| | |*|O| | | |
  3: | | | | | | | | | | | | | | | |
  2: | |*| | |NE| | | | | | | | | | |
  1: |*|*|*| | | |*|SE|*| |*| | | | |
  0: | | |*| |*| |SE| | | |*| | | | |
 -1: -------------------------------

Object in position (7,4) moved to (8,3)
 y\x  0 1 2 3 4 5 6 7 8 91011121314
 15: -------------------------------
 14: | | | |*| | | | | | | | | | | |
 13: |*| | |O| | | |O| | | | | | | |
 12: | | | | | |*| | | | | | | | | |
 11: | | | | | | | |*|*| | | | | |O|
 10: | | | |*| |*| | | | |*| | | | |
  9: | | | | |*| | | | | | | | | | |
  8: | |*|*|*|*| | | | | | | | | | |
  7: |*|*| | | | |*| | | |*| | | | |
  6: | |*| | | | | | |O| |*| | | | |
  5: |*| | | | | | |*| |*| | | | | |
  4: | | | | | | | | | | |*|O| | | |
  3: | | | | | | | | |SE| | | | | | |
  2: | |*| | |NE| | | | | | | | | | |
  1: |*|*|*| | | |*|SE|*| |*| | | | |
  0: | | |*| |*| |SE| | | |*| | | | |
 -1: -------------------------------

Object in position (4,2) moved to (5,2)
 y\x  0 1 2 3 4 5 6 7 8 91011121314
 15: -------------------------------
 14: | | | |*| | | | | | | | | | | |
 13: |*| | |O| | | |O| | | | | | | |
 12: | | | | | |*| | | | | | | | | |
 11: | | | | | | | |*|*| | | | | |O|
 10: | | | |*| |*| | | | |*| | | | |
  9: | | | | |*| | | | | | | | | | |
  8: | |*|*|*|*| | | | | | | | | | |
  7: |*|*| | | | |*| | | |*| | | | |
  6: | |*| | | | | | |O| |*| | | | |
  5: |*| | | | | | |*| |*| | | | | |
  4: | | | | | | | | | | |*|O| | | |
  3: | | | | | | | | |SE| | | | | | |
  2: | |*| | | |E| | | | | | | | | |
  1: |*|*|*| | | |*|SE|*| |*| | | | |
  0: | | |*| |*| |SE| | | |*| | | | |
 -1: -------------------------------

Object in position (7,1) moved to (8,1)
 y\x  0 1 2 3 4 5 6 7 8 91011121314
 15: -------------------------------
 14: | | | |*| | | | | | | | | | | |
 13: |*| | |O| | | |O| | | | | | | |
 12: | | | | | |*| | | | | | | | | |
 11: | | | | | | | |*|*| | | | | |O|
 10: | | | |*| |*| | | | |*| | | | |
  9: | | | | |*| |*| | | | | | | | |
  8: | |*|*|*|*| | | | | | | | | | |
  7: |*|*| | | | |*| | | |*| | | | |
  6: | |*| | | | | | |O| |*| | | | |
  5: |*| | | | | | |*| |*| | | | | |
  4: | | | | | | | | | | |*|O| | | |
  3: | | | | | | | | |SE|*| | | | | |
  2: | |*| | | |E| | | | | | |*| | |
  1: |*|*|*| |*| |*| |E|*|*| | | | |
  0: | | |*| |*| |SE| | | |*| | | | |
 -1: -------------------------------

Object in position (6,0) moved to (7,1)
 y\x  0 1 2 3 4 5 6 7 8 91011121314
 15: -------------------------------
 14: | | | |*| | | | | | | | | | | |
 13: |*| | |O| | | |O| | | | | | | |
 12: | | | | | |*| | | | | | | | | |
 11: | | | | | | | |*|*| | | | | |O|
 10: | | | |*| |*| | | | |*| | | | |
  9: | | | | |*| |*| | | | | | | | |
  8: | |*|*|*|*| | | | | | | | | | |
  7: |*|*| | | | |*| | | |*| | | | |
  6: | |*| | | | | | |O| |*| | | | |
  5: |*| | | | | | |*| |*| | | | | |
  4: | | | | | | | | | | |*|O| | | |
  3: | | | | | | | | |SE|*| | | | | |
  2: | |*| | | |E| | | | | | |*| | |
  1: |*|*|*| |*| |*|NE|E|*|*| | | | |
  0: | | |*| |*| | | | | |*| | | | |
 -1: -------------------------------

Object in position (8,3) moved to (9,2)
 y\x  0 1 2 3 4 5 6 7 8 91011121314
 15: -------------------------------
 14: | | | |*| | | | | | | | | | | |
 13: |*| | |O| | | |O| | | | | | | |
 12: | | | | | |*| | | | | | | | | |
 11: | | | | | | | |*|*| | | | | |O|
 10: | | | |*| |*| | | | |*| | | | |
  9: | | | | |*| |*| | | | | | | | |
  8: | |*|*|*|*| | | | | | | | | | |
  7: |*|*| | | | |*| | | |*| | | | |
  6: | |*| | | | | | |O| |*| | | | |
  5: |*| | | | | | |*| |*| | | | | |
  4: | | | | | | | | | | |*|O| | | |
  3: | | | | | | | | | |*| | | | | |
  2: | |*| | | |E| | | |SE| | |*| | |
  1: |*|*|*| |*| |*|NE|E|*|*| | | | |
  0: | | |*| |*| | | | | |*| | | | |
 -1: -------------------------------

Object in position (5,2) moved to (6,1)
 y\x  0 1 2 3 4 5 6 7 8 91011121314
 15: -------------------------------
 14: | | | |*| | | | | | | | | | | |
 13: |*| | |O| | | |O| | | | | | | |
 12: | | | | | |*| | | | | | | | | |
 11: | | | | | | | |*|*| | | | | |O|
 10: | | | |*| |*| | | | |*| | | | |
  9: | | | | |*| |*| | | | | | | | |
  8: | |*|*|*|*| | | | | | | | | | |
  7: |*|*| | | | |*| | | |*| | | | |
  6: | |*| | | | | | |O| |*| | | | |
  5: |*| | | | | | |*| |*| | | | | |
  4: | | | | | | | | | | |*|O| | | |
  3: | | | | | | | | | |*| | | | | |
  2: | |*| | | | | | | |SE| | |*| | |
  1: |*|*|*| |*| |SE|NE|E|*|*| | | | |
  0: | | |*| |*| | | | | |*| | | | |
 -1: -------------------------------

Object in position (8,1) moved to (9,2)
 y\x  0 1 2 3 4 5 6 7 8 91011121314
 15: -------------------------------
 14: | | | |*| | | | | | | | | | | |
 13: |*| | |O| | | |O| | | | | | | |
 12: | | | | | |*| | | | | | | | | |
 11: | | | | | | | |*|*| | | | | |O|
 10: | | | |*| |*| | | | |*| | | | |
  9: | | | | |*| |*| | | | | | | | |
  8: | |*|*|*|*| | | | | |*| | | | |
  7: |*|*| | |*| |*| | | |*| | | | |
  6: |*|*| | | | | | |O| |*| |*| | |
  5: |*| | | | | | |*| |*| | | | | |
  4: | | | | | | | | | | |*|O| | | |
  3: | | | | | | | | | |*| | | | | |
  2: | |*| | | | | | | |SE| | |*| | |
  1: |*|*|*| |*| |SE|NE| |*|*| | | | |
  0: | | |*| |*| |*| | | |*| | | | |
 -1: -------------------------------

Object in position (9,2) moved to (10,3)
 y\x  0 1 2 3 4 5 6 7 8 91011121314
 15: -------------------------------
 14: | | | |*| | | | | | | | | | | |
 13: |*| | |O| | | |O| | | | | | | |
 12: | | | | | |*| | | | | | | | | |
 11: | | | | | | | |*|*| | | | | |O|
 10: | | | |*| |*| | | | |*| | | | |
  9: | | | | |*| |*| | | | | | | | |
  8: | |*|*|*|*| | | | | |*| | | | |
  7: |*|*| | |*| |*| | | |*| | | | |
  6: |*|*| | | | | | |O| |*| |*| | |
  5: |*| | | | | | |*| |*| | | | | |
  4: | | | | | | | | | | |*|O| | | |
  3: | | | | | | | | | |*|NE| | | | |
  2: | |*| | | | | | | |NE| | |*| | |
  1: |*|*|*| |*| |SE|NE| |*|*| | | | |
  0: | | |*| |*| |*| | | |*| | | | |
 -1: -------------------------------

Object in position (7,1) moved to (8,2)
 y\x  0 1 2 3 4 5 6 7 8 91011121314
 15: -------------------------------
 14: | | | |*| | | | | | | | | | | |
 13: |*| | |O| | | |O| | | | | | | |
 12: | | | | | |*| | | | | | | | | |
 11: | | | | | | | |*|*| | | | | |O|
 10: | | | |*| |*| | | | |*| | | | |
  9: | | | | |*| |*| | | | | | | | |
  8: | |*|*|*|*| | | | | |*| | | | |
  7: |*|*| | |*| |*| | | |*| | | | |
  6: |*|*| | | | | | |O| |*| |*| | |
  5: |*| | | | | | |*| |*| | | | | |
  4: | | | | | | | | | | |*|O| | | |
  3: | | | | | | | | | |*|NE| | | | |
  2: | |*| | | | | | |NE|NE| | |*| | |
  1: |*|*|*| |*| |SE| | |*|*| | | | |
  0: | | |*| |*| |*| | | |*| | | | |
 -1: -------------------------------

Object in position (6,1) moved to (6,0)
 y\x  0 1 2 3 4 5 6 7 8 91011121314
 15: -------------------------------
 14: | | | |*| | | | | | | | | | | |
 13: |*| | |O| | | |O| | | | | | | |
 12: | | | | | |*| | | | | | | | | |
 11: | | | | | | | |*|*| | | | | |O|
 10: | | | |*| |*| | | | |*| | | | |
  9: | | | | |*| |*| | | | | | | | |
  8: | |*|*|*|*| | | | | |*| | | | |
  7: |*|*| | |*| |*| | | |*| | | | |
  6: |*|*| | | | | | |O| |*| |*| | |
  5: |*| | | | | | |*| |*| | | | | |
  4: | | | | | | | | | | |*|O| | | |
  3: | | | | | | | | | |*|NE| | | | |
  2: | |*| | | | | | |NE|NE| | |*| | |
  1: |*|*|*| |*| | | | |*|*| | | | |
  0: | | |*| |*| |S| | | |*| | | | |
 -1: -------------------------------

Object in position (9,2) moved to (8,2)
 y\x  0 1 2 3 4 5 6 7 8 91011121314
 15: -------------------------------
 14: | | | |*| | | | | | | | | | | |
 13: |*| | |O| | | |O| | | | | | | |
 12: | | | | | |*| | | | | | | | | |
 11: | | | | | | | |*|*| | | | | |O|
 10: | | | |*| |*| | |*| |*| | | | |
  9: | | | | |*| |*| | | | | | | | |
  8: | |*|*|*|*|*| | | | |*| | | | |
  7: |*|*| | |*| |*| | | |*| | | | |
  6: |*|*| | | | | | |O| |*| |*| | |
  5: |*| | | | | | |*| |*| | | | | |
  4: | | | |*| | | | | | |*|O| | | |
  3: | | | | | | | | | |*|NE| | | | |
  2: | |*| | | | | | |NE| | | |*| | |
  1: |*|*|*| |*| | | | |*|*| | | | |
  0: | | |*| |*|*|S| | | |*| | | | |
 -1: -------------------------------

Object in position (10,3) moved to (10,4)
 y\x  0 1 2 3 4 5 6 7 8 91011121314
 15: -------------------------------
 14: | | | |*| | | | | | | | | | | |
 13: |*| | |O| | | |O| | | | | | | |
 12: | | | | | |*| | | | | | | | | |
 11: | | | | | | | |*|*| | | | | |O|
 10: | | | |*| |*| | |*| |*| | | | |
  9: | | | | |*| |*| | | | | | | | |
  8: | |*|*|*|*|*| | | | |*| | | | |
  7: |*|*| | |*| |*| | | |*| | | | |
  6: |*|*| | | | | | |O| |*| |*| | |
  5: |*| | | | | | |*| |*| | | | | |
  4: | | | |*| | | | | | |N|O| | | |
  3: | | | | | | | | | |*| | | | | |
  2: | |*| | | | | | |NE| | | |*| | |
  1: |*|*|*| |*| | | | |*|*| | | | |
  0: | | |*| |*|*|S| | | |*| | | | |
 -1: -------------------------------

Object in position (8,2) moved to (9,1)
 y\x  0 1 2 3 4 5 6 7 8 91011121314
 15: -------------------------------
 14: | | | |*| | | | | | | | | | | |
 13: |*| | |O| | | |O| | | | | | | |
 12: | | | | | |*| | | | | | | | | |
 11: | | | | | | | |*|*| | | | | |O|
 10: | | | |*| |*| | |*| |*| | | | |
  9: | | | | |*| |*| | | | | | | | |
  8: | |*|*|*|*|*| | | | |*| | | | |
  7: |*|*| | |*| |*| | | |*| | | | |
  6: |*|*| | | | | | |O| |*| |*| | |
  5: |*| | | | | | |*| |*| | | | | |
  4: | | | |*| | | | | | |N|O| | | |
  3: | | | | | | | | | |*| | | | | |
  2: | |*| | | | | | |W| | | |*| | |
  1: |*|*|*| |*| | | | |SE|*| | | | |
  0: | | |*| |*|*|S| | | |*| | | | |
 -1: -------------------------------

Object in position (6,0) moved to (6,1)
 y\x  0 1 2 3 4 5 6 7 8 91011121314
 15: -------------------------------
 14: | | | |*| | | | | | | | | | | |
 13: |*| | |O| | | |O| | | | | | | |
 12: | | | | | |*| | | | | | | | | |
 11: | | | | | | | |*|*| | | | | |O|
 10: | | | |*| |*| | |*| |*| | | | |
  9: | | | | |*| |*| | | | | | | | |
  8: | |*|*|*|*|*| | | | |*| | | | |
  7: |*|*| | |*| |*| | | |*| | | | |
  6: |*|*| | | | | | |O| |*| |*| | |
  5: |*| | | | | | |*| |*| | | | | |
  4: | | | |*| | | | | | |N|O| | | |
  3: | | | | | | | | | |*| | | | | |
  2: | |*| | | | | | |W| | | |*| | |
  1: |*|*|*| |*| |N| | |SE|*| | | | |
  0: | | |*| |*|*| | | | |*| | | | |
 -1: -------------------------------

Object in position (9,1) moved to (10,1)
 y\x  0 1 2 3 4 5 6 7 8 91011121314
 15: -------------------------------
 14: | | | |*| | | | | | | | | | | |
 13: |*| | |O| | | |O| | | | | | | |
 12: | | | | | |*| | | | | | | | | |
 11: | | | | | | | |*|*| | | | | |O|
 10: | | | |*| |*| | |*| |*| | | | |
  9: | | | | |*| |*| | | | | | | | |
  8: | |*|*|*|*|*| | | | |*| | | | |
  7: |*|*| | |*| |*| | | |*| | | | |
  6: |*|*| | |*| | | |O| |*| |*| | |
  5: |*| |*| | | | |*| |*| | | | | |
  4: |*| | |*| | | | | | |N|O| | | |
  3: | | | | | | | | | |*| | | | | |
  2: | |*|*| | | | | |W| | | |*| | |
  1: |*|*|*| |*| |N|*| | |E| | | | |
  0: | | |*| |*|*| | | | |*| | | | |
 -1: -------------------------------

Object in position (8,2) moved to (7,2)
 y\x  0 1 2 3 4 5 6 7 8 91011121314
 15: -------------------------------
 14: | | | |*| | | | | | | | | | | |
 13: |*| | |O| | | |O| | | | | | | |
 12: | | | | | |*| | | | | | | | | |
 11: | | | | | | | |*|*| | | | | |O|
 10: | | | |*| |*| | |*| |*| | | | |
  9: | | | | |*| |*| | | | | | | | |
  8: | |*|*|*|*|*| | | | |*| | | | |
  7: |*|*| | |*| |*| | | |*| | | | |
  6: |*|*| | |*| | | |O| |*| |*| | |
  5: |*| |*| | | | |*| |*| | | | | |
  4: |*| | |*| | | | | | |N|O| | | |
  3: | | | | | | | | | |*| | | | | |
  2: | |*|*| | | | |W| | | | |*| | |
  1: |*|*|*| |*| |N|*| | |E| | | | |
  0: | | |*| |*|*| | | | |*| | | | |
 -1: -------------------------------

Object in position (10,4) moved to (9,4)
 y\x  0 1 2 3 4 5 6 7 8 91011121314
 15: -------------------------------
 14: | | | |*| | | | | | | | | | | |
 13: |*| | |O| | | |O| | | | | | | |
 12: | | | | | |*| | | | | | | | | |
 11: | | | | | | | |*|*| | | | | |O|
 10: | | | |*| |*| | |*| |*| | | | |
  9: | | | | |*| |*| | | | | | | | |
  8: | |*|*|*|*|*| | | | |*| | | | |
  7: |*|*| | |*| |*| | | |*| | | | |
  6: |*|*| | |*| | | |O| |*| |*| | |
  5: |*| |*| | | | |*| |*| | | | | |
  4: |*| | |*| | | | | |W| |O| | | |
  3: | | | | | | | | | |*| | | | | |
  2: | |*|*| | | | |W| | | | |*| | |
  1: |*|*|*| |*| |N|*| | |E| | | | |
  0: | | |*| |*|*| | | | |*| | | | |
 -1: -------------------------------

Object in position (6,1) moved to (7,2)
 y\x  0 1 2 3 4 5 6 7 8 91011121314
 15: -------------------------------
 14: | | | |*| | | | | | | | | | | |
 13: |*| | |O| | | |O| | | | | | | |
 12: | | | | | |*| | | | | | | | | |
 11: | | | | | | | |*|*| | | | | |O|
 10: | | | |*| |*| | |*| |*| | | | |
  9: | | | | |*| |*| | | | | | | | |
  8: | |*|*|*|*|*| | | | |*| | | | |
  7: |*|*| | |*| |*| | | |*| | | | |
  6: |*|*| | |*| | | |O| |*| |*| | |
  5: |*| |*| | | | |*| |*| | | | | |
  4: |*| | |*| | | | | |W| |O| | | |
  3: | | | | | | | | | |*| | | | | |
  2: | |*|*| | | | |W| | | | |*| | |
  1: |*|*|*| |*| | |*| | |E| | | | |
  0: | | |*| |*|*| | | | |*| | | | |
 -1: -------------------------------

Object in position (10,1) moved to (11,0)
 y\x  0 1 2 3 4 5 6 7 8 91011121314
 15: -------------------------------
 14: | | | |*| | | | | | | | | | | |
 13: |*| | |O| | | |O| | | | | | | |
 12: | | | | | |*| | | | | | | | | |
 11: | | | | | | | |*|*| | | | | |O|
 10: | | | |*|*|*| | |*| |*| | | | |
  9: | | | | |*| |*| | | | | | | | |
  8: | |*|*|*|*|*| | | | |*| | | | |
  7: |*|*| | |*| |*| | | |*| | | | |
  6: |*|*| | |*| | | |O| |*| |*| | |
  5: |*| |*| | | | |*| |*|*| | | | |
  4: |*| | |*| |*| | | | | |O| | | |
  3: | | | |*| | | | | |*| | | | | |
  2: | |*|*| |*| | |NE| | | | |*| | |
  1: |*|*|*| |*| | |*| | | | | | | |
  0: | | |*| |*|*| | | | |*|SE| | | |
 -1: -------------------------------

Object in position (7,2) moved to (8,2)
 y\x  0 1 2 3 4 5 6 7 8 91011121314
 15: -------------------------------
 14: | | | |*| | | | | | | | | | | |
 13: |*| | |O| | | |O| | | | | | | |
 12: | | | | | |*| | | | | | | | | |
 11: | | | | | | | |*|*| | | | | |O|
 10: | | | |*|*|*| | |*| |*| | | | |
  9: | | | | |*| |*| | | | | | | | |
  8: | |*|*|*|*|*| | | | |*| | | | |
  7: |*|*| | |*| |*| | | |*| | | | |
  6: |*|*| | |*| | | |O| |*| |*| | |
  5: |*| |*| | | | |*| |*|*| | | | |
  4: |*| | |*| |*| | | | | |O| | | |
  3: | | | |*| | | | | |*| | | | | |
  2: | |*|*| |*| | | |E| | | |*| | |
  1: |*|*|*| |*| | |*| | | | | | | |
  0: | | |*| |*|*| | | | |*|SE| | | |
 -1: -------------------------------

