Object in position (0,0) moved to (0,1)
 y\x  0 1 2 3 4 5 6 7 8 9
 10: ---------------------
  9: | | | | | | | | | | |
  8: | | | | | | | | | | |
  7: | | | | | | | | | | |
  6: | | | | | |*| | | | |
  5: | | | | | | | | | | |
  4: | | | | | | | | | | |
  3: | | | | | | | | | | |
  2: | | | | | | | |SE 3| | |
  1: |N 2| | | | | | | | | |
  0: | | | | | | | | | | |
 -1: ---------------------

Object in position (7,2) moved to (6,2)
 y\x  0 1 2 3 4 5 6 7 8 9
 10: ---------------------
  9: | | | | | | | | | | |
  8: | | | | | | | | | | |
  7: | | | | | | | | | | |
  6: | | | | | |*| | | | |
  5: | | | | | | | | | | |
  4: | | | | | | | | | | |
  3: | | | | | | | | | | |
  2: | | | | | | |W 2| | | |
  1: |N 2| | | | | | | | | |
  0: | | | | | | | | | | |
 -1: ---------------------

Object in position (0,1) moved to (1,2)
 y\x  0 1 2 3 4 5 6 7 8 9
 10: ---------------------
  9: | | | | | | | | | | |
  8: |*| | | | | | | | | |
  7: | | | | | | | | | | |
  6: |*| | | | |*|*| |*| |
  5: | | | | | | | | | | |
  4: | | | | | | | | | | |
  3: | | | | | | | | | | |
  2: | |NE 1| | | | |W 2| | | |
  1: | | | |*| | | | | | |
  0: | | | | | | | | | | |
 -1: ---------------------

Object in position (6,2) moved to (5,2)
 y\x  0 1 2 3 4 5 6 7 8 9
 10: ---------------------
  9: | | | | | | | | | | |
  8: |*| | | | | | | | | |
  7: | | | | | | | | | | |
  6: |*| | | | |*|*| |*| |
  5: | | | | | | | | | | |
  4: | | | | | | | | | | |
  3: | | | | | | | | | | |
  2: | |NE 1| | | |W 1| | | | |
  1: | | | |*| | | | | | |
  0: | | | | | | | | | | |
 -1: ---------------------

Object in position (1,2) moved to (2,2)
 y\x  0 1 2 3 4 5 6 7 8 9
 10: ---------------------
  9: | | | | | | | | | | |
  8: |*| | | | | | | | | |
  7: | | | | | | | | | | |
  6: |*| | |*| |*|*| |*| |
  5: | |*| | |*| | |*| | |
  4: | | | | | | | | | | |
  3: | | | | | | | | | | |
  2: | | |E 0| | |W 1| | | | |
  1: | | | |*| | | | | | |
  0: | | | | | | | | | | |
 -1: ---------------------

Object in position (5,2) moved to (6,1)
 y\x  0 1 2 3 4 5 6 7 8 9
 10: ---------------------
  9: | | | | | | | | | | |
  8: |*| | | | | | | | | |
  7: | | | | | | | | | | |
  6: |*| | |*| |*|*| |*| |
  5: | |*| | |*| | |*| | |
  4: | | | | | | | | | | |
  3: | | | | | | | | | | |
  2: | | |E 0| | | | | | | |
  1: | | | |*| | |SE 0| | | |
  0: | | | | | | | | | | |
 -1: ---------------------

