Object in position (0,0) moved to (4,2)
 y\x  0 1 2 3 4
  5: -----------
  4: | | | | | |
  3: | |*| | |O|
  2: | | | | |N|
  1: |O| |O| | |
  0: | |O| | |O|
 -1: -----------

Object in position (4,2) moved to (0,3)
 y\x  0 1 2 3 4
  5: -----------
  4: | | | | | |
  3: |NE|*| | |O|
  2: | | | | |O|
  1: |O| |O| | |
  0: | |O| | |O|
 -1: -----------

Object in position (0,3) moved to (1,2)
 y\x  0 1 2 3 4
  5: -----------
  4: | | | | | |
  3: | |*| | |O|
  2: | |SE| | |O|
  1: |O| |O| | |
  0: | |O| | |O|
 -1: -----------

Object in position (1,2) moved to (4,2)
 y\x  0 1 2 3 4
  5: -----------
  4: | | | | | |
  3: | |*| | |O|
  2: | | | | |SW|
  1: |O| |O| | |
  0: | |O| | |O|
 -1: -----------

Object in position (4,2) moved to (0,2)
 y\x  0 1 2 3 4
  5: -----------
  4: | | | | | |
  3: | |*| | |O|
  2: |E| | | |O|
  1: |O| |O| | |
  0: | |O| | |O|
 -1: -----------

Object in position (0,2) moved to (0,3)
 y\x  0 1 2 3 4
  5: -----------
  4: | | | | | |
  3: |N|*| | |O|
  2: | | | | |O|
  1: |O| |O| | |
  0: | |O| | |O|
 -1: -----------

Object in position (0,3) moved to (1,4)
 y\x  0 1 2 3 4
  5: -----------
  4: | |NE| | | |
  3: | |*| | |O|
  2: | | | | |O|
  1: |O| |O| | |
  0: | |O| | |O|
 -1: -----------

Object in position (1,4) moved to (2,3)
 y\x  0 1 2 3 4
  5: -----------
  4: | | | | | |
  3: | |*|SE| |O|
  2: | | | | |O|
  1: |O| |O| | |
  0: | |O| | |O|
 -1: -----------

Object in position (2,3) moved to (1,2)
 y\x  0 1 2 3 4
  5: -----------
  4: | | | | | |
  3: | |*| | |O|
  2: | |SW| | |O|
  1: |O| |O| | |
  0: | |O| | |O|
 -1: -----------

Object in position (1,2) moved to (2,2)
 y\x  0 1 2 3 4
  5: -----------
  4: | | | | | |
  3: | |*| | |O|
  2: | | |E| |O|
  1: |O| |O| | |
  0: | |O| | |O|
 -1: -----------

Object in position (2,2) moved to (2,3)
 y\x  0 1 2 3 4
  5: -----------
  4: | | | | | |
  3: | |*|N| |O|
  2: | | | | |O|
  1: |O| |O| | |
  0: | |O| | |O|
 -1: -----------

Object in position (2,3) moved to (3,4)
 y\x  0 1 2 3 4
  5: -----------
  4: | | | |NE| |
  3: | |*| | |O|
  2: | | | | |O|
  1: |O| |O| | |
  0: | |O| | |O|
 -1: -----------

Object in position (3,4) moved to (4,0)
 y\x  0 1 2 3 4
  5: -----------
  4: | | | | | |
  3: | |*| | |O|
  2: | | | | |O|
  1: |O| |O| | |
  0: | |O| | |SE|
 -1: -----------

Object in position (4,0) moved to (4,0)
 y\x  0 1 2 3 4
  5: -----------
  4: | | | | | |
  3: | |*| | |O|
  2: | | | | |O|
  1: |O| |O| | |
  0: | |O| | |NW|
 -1: -----------

Object in position (4,0) moved to (0,0)
 y\x  0 1 2 3 4
  5: -----------
  4: | | | | | |
  3: | |*| | |O|
  2: | | | | |O|
  1: |O| |O| | |
  0: |E|O| | |O|
 -1: -----------

Object in position (0,0) moved to (4,2)
 y\x  0 1 2 3 4
  5: -----------
  4: | | | | | |
  3: | |*| | |O|
  2: | | | | |N|
  1: |O| |O| | |
  0: | |O| | |O|
 -1: -----------

Object in position (4,2) moved to (0,3)
 y\x  0 1 2 3 4
  5: -----------
  4: | | | | | |
  3: |NE|*| | |O|
  2: | | | | |O|
  1: |O| |O| | |
  0: | |O| | |O|
 -1: -----------

Object in position (0,3) moved to (1,2)
 y\x  0 1 2 3 4
  5: -----------
  4: | | | | | |
  3: | |*| | |O|
  2: | |SE| | |O|
  1: |O| |O| | |
  0: | |O| | |O|
 -1: -----------

Object in position (1,2) moved to (4,2)
 y\x  0 1 2 3 4
  5: -----------
  4: | | | | | |
  3: | |*| | |O|
  2: | | | | |SW|
  1: |O| |O| | |
  0: | |O| | |O|
 -1: -----------

Object in position (4,2) moved to (0,2)
 y\x  0 1 2 3 4
  5: -----------
  4: | | | | | |
  3: | |*| | |O|
  2: |E| | | |O|
  1: |O| |O| | |
  0: | |O| | |O|
 -1: -----------

Object in position (0,2) moved to (0,3)
 y\x  0 1 2 3 4
  5: -----------
  4: | | | | | |
  3: |N|*| | |O|
  2: | | | | |O|
  1: |O| |O| | |
  0: | |O| | |O|
 -1: -----------

Object in position (0,3) moved to (1,4)
 y\x  0 1 2 3 4
  5: -----------
  4: | |NE| | | |
  3: | |*| | |O|
  2: | | | | |O|
  1: |O| |O| | |
  0: | |O| | |O|
 -1: -----------

Object in position (1,4) moved to (2,3)
 y\x  0 1 2 3 4
  5: -----------
  4: | | | | | |
  3: | |*|SE| |O|
  2: | | | | |O|
  1: |O| |O| | |
  0: | |O| | |O|
 -1: -----------

Object in position (2,3) moved to (1,2)
 y\x  0 1 2 3 4
  5: -----------
  4: | | | | | |
  3: | |*| | |O|
  2: | |SW| | |O|
  1: |O| |O| | |
  0: | |O| | |O|
 -1: -----------

Object in position (1,2) moved to (2,2)
 y\x  0 1 2 3 4
  5: -----------
  4: | | | | | |
  3: | |*| | |O|
  2: | | |E| |O|
  1: |O| |O| | |
  0: | |O| | |O|
 -1: -----------

Object in position (2,2) moved to (2,3)
 y\x  0 1 2 3 4
  5: -----------
  4: | | | | | |
  3: | |*|N| |O|
  2: | | | | |O|
  1: |O| |O| | |
  0: | |O| | |O|
 -1: -----------

Object in position (2,3) moved to (3,4)
 y\x  0 1 2 3 4
  5: -----------
  4: | | | |NE| |
  3: | |*| | |O|
  2: | | | | |O|
  1: |O| |O| | |
  0: | |O| | |O|
 -1: -----------

Object in position (3,4) moved to (4,0)
 y\x  0 1 2 3 4
  5: -----------
  4: | | | | | |
  3: | |*| | |O|
  2: | | | | |O|
  1: |O| |O| | |
  0: | |O| | |SE|
 -1: -----------

Object in position (4,0) moved to (4,0)
 y\x  0 1 2 3 4
  5: -----------
  4: | | | | | |
  3: | |*| | |O|
  2: | | | | |O|
  1: |O| |O| | |
  0: | |O| | |NW|
 -1: -----------

Object in position (4,0) moved to (0,0)
 y\x  0 1 2 3 4
  5: -----------
  4: | | | | | |
  3: | |*| | |O|
  2: | | | | |O|
  1: |O| |O| | |
  0: |E|O| | |O|
 -1: -----------

Object in position (0,0) moved to (4,2)
 y\x  0 1 2 3 4
  5: -----------
  4: | | | | | |
  3: | |*| | |O|
  2: | | | | |N|
  1: |O| |O| | |
  0: | |O| | |O|
 -1: -----------

Object in position (4,2) moved to (0,3)
 y\x  0 1 2 3 4
  5: -----------
  4: | | | | | |
  3: |NE|*| | |O|
  2: | | | | |O|
  1: |O| |O| | |
  0: | |O| | |O|
 -1: -----------

Object in position (0,3) moved to (1,2)
 y\x  0 1 2 3 4
  5: -----------
  4: | | | | | |
  3: | |*| | |O|
  2: | |SE| | |O|
  1: |O| |O| | |
  0: | |O| | |O|
 -1: -----------

Object in position (1,2) moved to (4,2)
 y\x  0 1 2 3 4
  5: -----------
  4: | | | | | |
  3: | |*| | |O|
  2: | | | | |SW|
  1: |O| |O| | |
  0: | |O| | |O|
 -1: -----------

Object in position (4,2) moved to (0,2)
 y\x  0 1 2 3 4
  5: -----------
  4: | | | | | |
  3: | |*| | |O|
  2: |E| | | |O|
  1: |O| |O| | |
  0: | |O| | |O|
 -1: -----------

Object in position (0,2) moved to (0,3)
 y\x  0 1 2 3 4
  5: -----------
  4: | | | | | |
  3: |N|*| | |O|
  2: | | | | |O|
  1: |O| |O| | |
  0: | |O| | |O|
 -1: -----------

Object in position (0,3) moved to (1,4)
 y\x  0 1 2 3 4
  5: -----------
  4: | |NE| | | |
  3: | |*| | |O|
  2: | | | | |O|
  1: |O| |O| | |
  0: | |O| | |O|
 -1: -----------

Object in position (1,4) moved to (2,3)
 y\x  0 1 2 3 4
  5: -----------
  4: | | | | | |
  3: | |*|SE| |O|
  2: | | | | |O|
  1: |O| |O| | |
  0: | |O| | |O|
 -1: -----------

Object in position (2,3) moved to (1,2)
 y\x  0 1 2 3 4
  5: -----------
  4: | | | | | |
  3: | |*| | |O|
  2: | |SW| | |O|
  1: |O| |O| | |
  0: | |O| | |O|
 -1: -----------

Object in position (1,2) moved to (2,2)
 y\x  0 1 2 3 4
  5: -----------
  4: | | | | | |
  3: | |*| | |O|
  2: | | |E| |O|
  1: |O| |O| | |
  0: | |O| | |O|
 -1: -----------

Object in position (2,2) moved to (2,3)
 y\x  0 1 2 3 4
  5: -----------
  4: | | | | | |
  3: | |*|N| |O|
  2: | | | | |O|
  1: |O| |O| | |
  0: | |O| | |O|
 -1: -----------

Object in position (2,3) moved to (3,4)
 y\x  0 1 2 3 4
  5: -----------
  4: | | | |NE| |
  3: | |*| | |O|
  2: | | | | |O|
  1: |O| |O| | |
  0: | |O| | |O|
 -1: -----------

Object in position (3,4) moved to (4,0)
 y\x  0 1 2 3 4
  5: -----------
  4: | | | | | |
  3: | |*| | |O|
  2: | | | | |O|
  1: |O| |O| | |
  0: | |O| | |SE|
 -1: -----------

Object in position (4,0) moved to (4,0)
 y\x  0 1 2 3 4
  5: -----------
  4: | | | | | |
  3: | |*| | |O|
  2: | | | | |O|
  1: |O| |O| | |
  0: | |O| | |NW|
 -1: -----------

Object in position (4,0) moved to (0,0)
 y\x  0 1 2 3 4
  5: -----------
  4: | | | | | |
  3: | |*| | |O|
  2: | | | | |O|
  1: |O| |O| | |
  0: |E|O| | |O|
 -1: -----------

Object in position (0,0) moved to (4,2)
 y\x  0 1 2 3 4
  5: -----------
  4: | | | | | |
  3: | |*| | |O|
  2: | | | | |N|
  1: |O| |O| | |
  0: | |O| | |O|
 -1: -----------

Object in position (4,2) moved to (0,3)
 y\x  0 1 2 3 4
  5: -----------
  4: | | | | | |
  3: |NE|*| | |O|
  2: | | | | |O|
  1: |O| |O| | |
  0: | |O| | |O|
 -1: -----------

Object in position (0,3) moved to (1,2)
 y\x  0 1 2 3 4
  5: -----------
  4: | | | | | |
  3: | |*| | |O|
  2: | |SE| | |O|
  1: |O| |O| | |
  0: | |O| | |O|
 -1: -----------

Object in position (1,2) moved to (4,2)
 y\x  0 1 2 3 4
  5: -----------
  4: | | | | | |
  3: | |*| | |O|
  2: | | | | |SW|
  1: |O| |O| | |
  0: | |O| | |O|
 -1: -----------

Object in position (4,2) moved to (0,2)
 y\x  0 1 2 3 4
  5: -----------
  4: | | | | | |
  3: | |*| | |O|
  2: |E| | | |O|
  1: |O| |O| | |
  0: | |O| | |O|
 -1: -----------

