Object in position (0,0) moved to (0,1)
 y\x  0 1 2 3 4
  5: -----------
  4: |*| | |O|*|
  3: | |*| | | |
  2: |O|*| |*|O|
  1: |N| |*| |*|
  0: |*|O|*| | |
 -1: -----------

Object in position (0,1) moved to (0,2)
 y\x  0 1 2 3 4
  5: -----------
  4: |*| | |O|*|
  3: | |*| | | |
  2: |NE|*| |*|O|
  1: | | |*| |*|
  0: |*|O|*| | |
 -1: -----------

Object in position (0,2) moved to (1,1)
 y\x  0 1 2 3 4
  5: -----------
  4: |*| | |O|*|
  3: | |*| | | |
  2: |O|*| |*|O|
  1: | |SE|*| |*|
  0: |*|O|*| | |
 -1: -----------

Object in position (1,1) moved to (0,0)
 y\x  0 1 2 3 4
  5: -----------
  4: |*| | |O|*|
  3: | |*| | | |
  2: |O|*| |*|O|
  1: | | |*| |*|
  0: |SW|O|*| | |
 -1: -----------

Object in position (0,0) moved to (3,4)
 y\x  0 1 2 3 4
  5: -----------
  4: |*| | |E|*|
  3: | |*| | | |
  2: |O|*| |*|O|
  1: | | |*| |*|
  0: | |O|*| | |
 -1: -----------

