Object in position (0,0) moved to (3,3)
 y\x  0 1 2 3 4
  5: -----------
  4: | | | | |O|
  3: | | |O|N| |
  2: | | | | | |
  1: |O| | | |O|
  0: | | | |O| |
 -1: -----------

Object in position (3,3) moved to (3,0)
 y\x  0 1 2 3 4
  5: -----------
  4: | | | | |O|
  3: | | |O|O| |
  2: | | | | | |
  1: |O| | | |O|
  0: | | | |NE| |
 -1: -----------

Object in position (3,0) moved to (3,0)
 y\x  0 1 2 3 4
  5: -----------
  4: | | | | |O|
  3: | | |O|O| |
  2: | | | | | |
  1: |O| | | |O|
  0: | | | |NE| |
 -1: -----------

Object in position (3,0) moved to (3,0)
 y\x  0 1 2 3 4
  5: -----------
  4: | | | | |O|
  3: | | |O|O| |
  2: | | | | | |
  1: |O| | | |O|
  0: | | | |NW| |
 -1: -----------

Object in position (3,0) moved to (4,0)
 y\x  0 1 2 3 4
  5: -----------
  4: | | | | |O|
  3: | | |O|O| |
  2: | | | | | |
  1: |O| | | |O|
  0: | | | |O|E|
 -1: -----------

Object in position (4,0) moved to (2,3)
 y\x  0 1 2 3 4
  5: -----------
  4: | | | | |O|
  3: | | |N|O| |
  2: | | | | | |
  1: |O| | | |O|
  0: | | | |O| |
 -1: -----------

Object in position (2,3) moved to (3,4)
 y\x  0 1 2 3 4
  5: -----------
  4: | | | |NE|O|
  3: | | |O|O| |
  2: | | | | | |
  1: |O| | | |O|
  0: | | | |O| |
 -1: -----------

Object in position (3,4) moved to (4,3)
 y\x  0 1 2 3 4
  5: -----------
  4: | | | | |O|
  3: | | |O|O|SE|
  2: | | | | | |
  1: |O| | | |O|
  0: | | | |O| |
 -1: -----------

Object in position (4,3) moved to (3,2)
 y\x  0 1 2 3 4
  5: -----------
  4: | | | | |O|
  3: | | |O|O| |
  2: | | | |SW| |
  1: |O| | | |O|
  0: | | | |O| |
 -1: -----------

Object in position (3,2) moved to (4,2)
 y\x  0 1 2 3 4
  5: -----------
  4: | | | | |O|
  3: | | |O|O| |
  2: | | | | |E|
  1: |O| | | |O|
  0: | | | |O| |
 -1: -----------

Object in position (4,2) moved to (4,3)
 y\x  0 1 2 3 4
  5: -----------
  4: | | | | |O|
  3: | | |O|O|N|
  2: | | | | | |
  1: |O| | | |O|
  0: | | | |O| |
 -1: -----------

Object in position (4,3) moved to (0,4)
 y\x  0 1 2 3 4
  5: -----------
  4: |NE| | | |O|
  3: | | |O|O| |
  2: | | | | | |
  1: |O| | | |O|
  0: | | | |O| |
 -1: -----------

Object in position (0,4) moved to (1,3)
 y\x  0 1 2 3 4
  5: -----------
  4: | | | | |O|
  3: | |SE|O|O| |
  2: | | | | | |
  1: |O| | | |O|
  0: | | | |O| |
 -1: -----------

Object in position (1,3) moved to (0,2)
 y\x  0 1 2 3 4
  5: -----------
  4: | | | | |O|
  3: | | |O|O| |
  2: |SW| | | | |
  1: |O| | | |O|
  0: | | | |O| |
 -1: -----------

Object in position (0,2) moved to (1,2)
 y\x  0 1 2 3 4
  5: -----------
  4: | | | | |O|
  3: | | |O|O| |
  2: | |E| | | |
  1: |O| | | |O|
  0: | | | |O| |
 -1: -----------

Object in position (1,2) moved to (1,3)
 y\x  0 1 2 3 4
  5: -----------
  4: | | | | |O|
  3: | |N|O|O| |
  2: | | | | | |
  1: |O| | | |O|
  0: | | | |O| |
 -1: -----------

Object in position (1,3) moved to (2,4)
 y\x  0 1 2 3 4
  5: -----------
  4: | | |NE| |O|
  3: | | |O|O| |
  2: | | | | | |
  1: |O| | | |O|
  0: | | | |O| |
 -1: -----------

Object in position (2,4) moved to (0,1)
 y\x  0 1 2 3 4
  5: -----------
  4: | | | | |O|
  3: | | |O|O| |
  2: | | | | | |
  1: |SE| | | |O|
  0: | | | |O| |
 -1: -----------

Object in position (0,1) moved to (4,0)
 y\x  0 1 2 3 4
  5: -----------
  4: | | | | |O|
  3: | | |O|O| |
  2: | | | | | |
  1: |O| | | |O|
  0: | | | |O|SW|
 -1: -----------

Object in position (4,0) moved to (0,0)
 y\x  0 1 2 3 4
  5: -----------
  4: | | | | |O|
  3: | | |O|O| |
  2: | | | | | |
  1: |O| | | |O|
  0: |E| | |O| |
 -1: -----------

Object in position (0,0) moved to (3,3)
 y\x  0 1 2 3 4
  5: -----------
  4: | | | | |O|
  3: | | |O|N| |
  2: | | | | | |
  1: |O| | | |O|
  0: | | | |O| |
 -1: -----------

Object in position (3,3) moved to (3,0)
 y\x  0 1 2 3 4
  5: -----------
  4: | | | | |O|
  3: | | |O|O| |
  2: | | | | | |
  1: |O| | | |O|
  0: | | | |NE| |
 -1: -----------

Object in position (3,0) moved to (3,0)
 y\x  0 1 2 3 4
  5: -----------
  4: | | | | |O|
  3: | | |O|O| |
  2: | | | | | |
  1: |O| | | |O|
  0: | | | |NE| |
 -1: -----------

Object in position (3,0) moved to (3,0)
 y\x  0 1 2 3 4
  5: -----------
  4: | | | | |O|
  3: | | |O|O| |
  2: | | | | | |
  1: |O| | | |O|
  0: | | | |NW| |
 -1: -----------

Object in position (3,0) moved to (4,0)
 y\x  0 1 2 3 4
  5: -----------
  4: | | | | |O|
  3: | | |O|O| |
  2: | | | | | |
  1: |O| | | |O|
  0: | | | |O|E|
 -1: -----------

Object in position (4,0) moved to (2,3)
 y\x  0 1 2 3 4
  5: -----------
  4: | | | | |O|
  3: | | |N|O| |
  2: | | | | | |
  1: |O| | | |O|
  0: | | | |O| |
 -1: -----------

Object in position (2,3) moved to (3,4)
 y\x  0 1 2 3 4
  5: -----------
  4: | | | |NE|O|
  3: | | |O|O| |
  2: | | | | | |
  1: |O| | | |O|
  0: | | | |O| |
 -1: -----------

Object in position (3,4) moved to (4,3)
 y\x  0 1 2 3 4
  5: -----------
  4: | | | | |O|
  3: | | |O|O|SE|
  2: | | | | | |
  1: |O| | | |O|
  0: | | | |O| |
 -1: -----------

Object in position (4,3) moved to (3,2)
 y\x  0 1 2 3 4
  5: -----------
  4: | | | | |O|
  3: | | |O|O| |
  2: | | | |SW| |
  1: |O| | | |O|
  0: | | | |O| |
 -1: -----------

Object in position (3,2) moved to (4,2)
 y\x  0 1 2 3 4
  5: -----------
  4: | | | | |O|
  3: | | |O|O| |
  2: | | | | |E|
  1: |O| | | |O|
  0: | | | |O| |
 -1: -----------

Object in position (4,2) moved to (4,3)
 y\x  0 1 2 3 4
  5: -----------
  4: | | | | |O|
  3: | | |O|O|N|
  2: | | | | | |
  1: |O| | | |O|
  0: | | | |O| |
 -1: -----------

Object in position (4,3) moved to (0,4)
 y\x  0 1 2 3 4
  5: -----------
  4: |NE| | | |O|
  3: | | |O|O| |
  2: | | | | | |
  1: |O| | | |O|
  0: | | | |O| |
 -1: -----------

Object in position (0,4) moved to (1,3)
 y\x  0 1 2 3 4
  5: -----------
  4: | | | | |O|
  3: | |SE|O|O| |
  2: | | | | | |
  1: |O| | | |O|
  0: | | | |O| |
 -1: -----------

Object in position (1,3) moved to (0,2)
 y\x  0 1 2 3 4
  5: -----------
  4: | | | | |O|
  3: | | |O|O| |
  2: |SW| | | | |
  1: |O| | | |O|
  0: | | | |O| |
 -1: -----------

Object in position (0,2) moved to (1,2)
 y\x  0 1 2 3 4
  5: -----------
  4: | | | | |O|
  3: | | |O|O| |
  2: | |E| | | |
  1: |O| | | |O|
  0: | | | |O| |
 -1: -----------

Object in position (1,2) moved to (1,3)
 y\x  0 1 2 3 4
  5: -----------
  4: | | | | |O|
  3: | |N|O|O| |
  2: | | | | | |
  1: |O| | | |O|
  0: | | | |O| |
 -1: -----------

Object in position (1,3) moved to (2,4)
 y\x  0 1 2 3 4
  5: -----------
  4: | | |NE| |O|
  3: | | |O|O| |
  2: | | | | | |
  1: |O| | | |O|
  0: | | | |O| |
 -1: -----------

Object in position (2,4) moved to (0,1)
 y\x  0 1 2 3 4
  5: -----------
  4: | | | | |O|
  3: | | |O|O| |
  2: | | | | | |
  1: |SE| | | |O|
  0: | | | |O| |
 -1: -----------

Object in position (0,1) moved to (4,0)
 y\x  0 1 2 3 4
  5: -----------
  4: | | | | |O|
  3: | | |O|O| |
  2: | | | | | |
  1: |O| | | |O|
  0: | | | |O|SW|
 -1: -----------

Object in position (4,0) moved to (0,0)
 y\x  0 1 2 3 4
  5: -----------
  4: | | | | |O|
  3: | | |O|O| |
  2: | | | | | |
  1: |O| | | |O|
  0: |E| | |O| |
 -1: -----------

Object in position (0,0) moved to (3,3)
 y\x  0 1 2 3 4
  5: -----------
  4: | | | | |O|
  3: | | |O|N| |
  2: | | | | | |
  1: |O| | | |O|
  0: | | | |O| |
 -1: -----------

Object in position (3,3) moved to (3,0)
 y\x  0 1 2 3 4
  5: -----------
  4: | | | | |O|
  3: | | |O|O| |
  2: | | | | | |
  1: |O| | | |O|
  0: | | | |NE| |
 -1: -----------

Object in position (3,0) moved to (3,0)
 y\x  0 1 2 3 4
  5: -----------
  4: | | | | |O|
  3: | | |O|O| |
  2: | | | | | |
  1: |O| | | |O|
  0: | | | |NE| |
 -1: -----------

Object in position (3,0) moved to (3,0)
 y\x  0 1 2 3 4
  5: -----------
  4: | | | | |O|
  3: | | |O|O| |
  2: | | | | | |
  1: |O| | | |O|
  0: | | | |NW| |
 -1: -----------

Object in position (3,0) moved to (4,0)
 y\x  0 1 2 3 4
  5: -----------
  4: | | | | |O|
  3: | | |O|O| |
  2: | | | | | |
  1: |O| | | |O|
  0: | | | |O|E|
 -1: -----------

Object in position (4,0) moved to (2,3)
 y\x  0 1 2 3 4
  5: -----------
  4: | | | | |O|
  3: | | |N|O| |
  2: | | | | | |
  1: |O| | | |O|
  0: | | | |O| |
 -1: -----------

Object in position (2,3) moved to (3,4)
 y\x  0 1 2 3 4
  5: -----------
  4: | | | |NE|O|
  3: | | |O|O| |
  2: | | | | | |
  1: |O| | | |O|
  0: | | | |O| |
 -1: -----------

Object in position (3,4) moved to (4,3)
 y\x  0 1 2 3 4
  5: -----------
  4: | | | | |O|
  3: | | |O|O|SE|
  2: | | | | | |
  1: |O| | | |O|
  0: | | | |O| |
 -1: -----------

Object in position (4,3) moved to (3,2)
 y\x  0 1 2 3 4
  5: -----------
  4: | | | | |O|
  3: | | |O|O| |
  2: | | | |SW| |
  1: |O| | | |O|
  0: | | | |O| |
 -1: -----------

Object in position (3,2) moved to (4,2)
 y\x  0 1 2 3 4
  5: -----------
  4: | | | | |O|
  3: | | |O|O| |
  2: | | | | |E|
  1: |O| | | |O|
  0: | | | |O| |
 -1: -----------

