Object in position (0,0) moved to (0,1)
 y\x  0 1 2 3 4 5 6 7 8 91011121314
 15: -------------------------------
 14: | | | | | | | | | | | | | | | |
 13: | | | | | | | | | | | | | | | |
 12: | | | | | | | | | | | | | | | |
 11: | | | | | | | | | | | | | | | |
 10: | | | | | | | | | | | | | | | |
  9: | | | | | | | | | | | | | | | |
  8: | | | | | | | | | | | | | | | |
  7: | | | | | | | | | | | | | | | |
  6: | | | | | | | | | | | | | | | |
  5: | | | | | | | | | | | | | | | |
  4: | | | | |O| | | | | | | | | | |
  3: | | | |O| | | | | | | | | | | |
  2: | | |O| | |O| | | | | | | | | |
  1: | | | | | | | | | | | | | | | |
  0: | | | | | | | | | | | | | | | |
 -1: -------------------------------

Object in position (7,2) moved to (6,2)
 y\x  0 1 2 3 4 5 6 7 8 91011121314
 15: -------------------------------
 14: | | | | | | | | | | | | | | | |
 13: | | | | | | | | | | | | | | | |
 12: | | | | | | | | | | | | | | | |
 11: | | | | | | | | | | | | | | | |
 10: | | | | | | | | | | | | | | | |
  9: | | | | | | | | | | | | | | | |
  8: | | | | | | | | | | | | | | | |
  7: | | | | | | | | | | | | | | | |
  6: | | | | | | | | | | | | | | | |
  5: | | | | | | | | | | | | | | | |
  4: | | | | |O| | | | | | | | | | |
  3: | | | |O| | | | | | | | | | | |
  2: | | |O| | |O| | | | | | | | | |
  1: | | | | | | | | | | | | | | | |
  0: | | | | | | | | | | | | | | | |
 -1: -------------------------------

Object in position (0,1) moved to (1,2)
 y\x  0 1 2 3 4 5 6 7 8 91011121314
 15: -------------------------------
 14: | | | | | | | | | | | | | | | |
 13: | | | | | | | | | | | | | | | |
 12: | | | | | | | | | | | | | | | |
 11: | | | | | | | | | | | | | | | |
 10: | | | | | | | | | | | | | | | |
  9: | | | | | | | | | | | | | | | |
  8: | | | | | | | | | | | | | | | |
  7: | | | | | | | | | | | | | | | |
  6: | | | | | | | | | | | | | | | |
  5: | | | | | | | | | | | | | | | |
  4: | | | | |O| | | | | | | | | | |
  3: | | | |O| | | | | | | | | | | |
  2: | | |O| | |O| | | | | | | | | |
  1: | | | | | | | | | | | | | | | |
  0: | | | | | | | | | | | | | | | |
 -1: -------------------------------

Object in position (6,2) moved to (5,2)
 y\x  0 1 2 3 4 5 6 7 8 91011121314
 15: -------------------------------
 14: | | | | | | | | | | | | | | | |
 13: | | | | | | | | | | | | | | | |
 12: | | | | | | | | | | | | | | | |
 11: | | | | | | | | | | | | | | | |
 10: | | | | | | | | | | | | | | | |
  9: | | | | | | | | | | | | | | | |
  8: | | | | | | | | | | | | | | | |
  7: | | | | | | | | | | | | | | | |
  6: | | | | | | | | | | | | | | | |
  5: | | | | | | | | | | | | | | | |
  4: | | | | |O| | | | | | | | | | |
  3: | | | |O| | | | | | | | | | | |
  2: | | |O| | |O| | | | | | | | | |
  1: | | | | | | | | | | | | | | | |
  0: | | | | | | | | | | | | | | | |
 -1: -------------------------------

Object in position (1,2) moved to (3,3)
 y\x  0 1 2 3 4 5 6 7 8 91011121314
 15: -------------------------------
 14: | | | | | | | | | | | | | | | |
 13: | | | | | | | | | | | | | | | |
 12: | | | | | | | | | | | | | | | |
 11: | | | | | | | | | | | | | | | |
 10: | | | | | | | | | | | | | | | |
  9: | | | | | | | | | | | | | | | |
  8: | | | | | | | | | | | | | | | |
  7: | | | | | | | | | | | | | | | |
  6: | | | | | | | | | | | | | | | |
  5: | | | | | | | | | | | | | | | |
  4: | | | | |O| | | | | | | | | | |
  3: | | | |O| | | | | | | | | | | |
  2: | | |O| | |O| | | | | | | | | |
  1: | | | | | | | | | | | | | | | |
  0: | | | | | | | | | | | | | | | |
 -1: -------------------------------

Object in position (5,2) moved to (6,1)
 y\x  0 1 2 3 4 5 6 7 8 91011121314
 15: -------------------------------
 14: | | | | | | | | | | | | | | | |
 13: | | | | | | | | | | | | | | | |
 12: | | | | | | | | | | | | | | | |
 11: | | | | | | | | | | | | | | | |
 10: | | | | | | | | | | | | | | | |
  9: | | | | | | | | | | | | | | | |
  8: | | | | | | | | | | | | | | | |
  7: | | | | | | | | | | | | | | | |
  6: | | | | | | | | | | | | | | | |
  5: | | | | | | | | | | | | | | | |
  4: | | | | |O| | | | | | | | | | |
  3: | | | |O| | | | | | | | | | | |
  2: | | |O| | |O| | | | | | | | | |
  1: | | | | | | | | | | | | | | | |
  0: | | | | | | | | | | | | | | | |
 -1: -------------------------------

Object in position (3,3) moved to (4,2)
 y\x  0 1 2 3 4 5 6 7 8 91011121314
 15: -------------------------------
 14: | | | | | | | | | | | | | | | |
 13: | | | | | | | | | | | | | | | |
 12: | | | | | | | | | | | | | | | |
 11: | | | | | | | | | | | | | | | |
 10: | | | | | | | | | | | | | | | |
  9: | | | | | | | | | | | | | | | |
  8: | | | | | | | | | | | | | | | |
  7: | | | | | | | | | | | | | | | |
  6: | | | | | | | | | | | | | | | |
  5: | | | | | | | | | | | | | | | |
  4: | | | | |O| | | | | | | | | | |
  3: | | | |O| | | | | | | | | | | |
  2: | | |O| | |O| | | | | | | | | |
  1: | | | | | | | | | | | | | | | |
  0: | | | | | | | | | | | | | | | |
 -1: -------------------------------

Object in position (6,1) moved to (7,1)
 y\x  0 1 2 3 4 5 6 7 8 91011121314
 15: -------------------------------
 14: | | | | | | | | | | | | | | | |
 13: | | | | | | | | | | | | | | | |
 12: | | | | | | | | | | | | | | | |
 11: | | | | | | | | | | | | | | | |
 10: | | | | | | | | | | | | | | | |
  9: | | | | | | | | | | | | | | | |
  8: | | | | | | | | | | | | | | | |
  7: | | | | | | | | | | | | | | | |
  6: | | | | | | | | | | | | | | | |
  5: | | | | | | | | | | | | | | | |
  4: | | | | |O| | | | | | | | | | |
  3: | | | |O| | | | | | | | | | | |
  2: | | |O| | |O| | | | | | | | | |
  1: | | | | | | | | | | | | | | | |
  0: | | | | | | | | | | | | | | | |
 -1: -------------------------------

Object in position (7,1) moved to (8,2)
 y\x  0 1 2 3 4 5 6 7 8 91011121314
 15: -------------------------------
 14: | | | | | | | | | | | | | | | |
 13: | | | | | | | | | | | | | | | |
 12: | | | | | | | | | | | | | | | |
 11: | | | | | | | | | | | | | | | |
 10: | | | | | | | | | | | | | | | |
  9: | | | | | | | | | | | | | | | |
  8: | | | | | | | | | | | | | | | |
  7: | | | | | | | | | | | | | | | |
  6: | | | | | | | | | | | | | | | |
  5: | | | | | | | | | | | | | | | |
  4: | | | | |O| | | | | | | | | | |
  3: | | | |O| | | | | | | | | | | |
  2: | | |O| | |O| | | | | | | | | |
  1: | | | | | | | | | | | | | | | |
  0: | | | | | | | | | | | | | | | |
 -1: -------------------------------

Object in position (4,2) moved to (4,1)
 y\x  0 1 2 3 4 5 6 7 8 91011121314
 15: -------------------------------
 14: | | | | | | | | | | | | | | | |
 13: | | | | | | | | | | | | | | | |
 12: | | | | | | | | | | | | | | | |
 11: | | | | | | | | | | | | | | | |
 10: | | | | | | | | | | | | | | | |
  9: | | | | | | | | | | | | | | | |
  8: | | | | | | | | | | | | | | | |
  7: | | | | | | | | | | | | | | | |
  6: | | | | | | | | | | | | | | | |
  5: | | | | | | | | | | | | | | | |
  4: | | | | |O| | | | | | | | | | |
  3: | | | |O| | | | | | | | | | | |
  2: | | |O| | |O| | | | | | | | | |
  1: | | | | | | | | | | | | | | | |
  0: | | | | | | | | | | | | | | | |
 -1: -------------------------------

Object in position (8,2) moved to (7,2)
 y\x  0 1 2 3 4 5 6 7 8 91011121314
 15: -------------------------------
 14: | | | | | | | | | | | | | | | |
 13: | | | | | | | | | | | | | | | |
 12: | | | | | | | | | | | | | | | |
 11: | | | | | | | | | | | | | | | |
 10: | | | | | | | | | | | | | | | |
  9: | | | | | | | | | | | | | | | |
  8: | | | | | | | | | | | | | | | |
  7: | | | | | | | | | | | | | | | |
  6: | | | | | | | | | | | | | | | |
  5: | | | | | | | | | | | | | | | |
  4: | | | | |O| | | | | | | | | | |
  3: | | | |O| | | | | | | | | | | |
  2: | | |O| | |O| | | | | | | | | |
  1: | | | | | | | | | | | | | | | |
  0: | | | | | | | | | | | | | | | |
 -1: -------------------------------

Object in position (4,1) moved to (4,2)
 y\x  0 1 2 3 4 5 6 7 8 91011121314
 15: -------------------------------
 14: | | | | | | | | | | | | | | | |
 13: | | | | | | | | | | | | | | | |
 12: | | | | | | | | | | | | | | | |
 11: | | | | | | | | | | | | | | | |
 10: | | | | | | | | | | | | | | | |
  9: | | | | | | | | | | | | | | | |
  8: | | | | | | | | | | | | | | | |
  7: | | | | | | | | | | | | | | | |
  6: | | | | | | | | | | | | | | | |
  5: | | | | | | | | | | | | | | | |
  4: | | | | |O| | | | | | | | | | |
  3: | | | |O| | | | | | | | | | | |
  2: | | |O| | |O| | | | | | | | | |
  1: | | | | | | | | | | | | | | | |
  0: | | | | | | | | | | | | | | | |
 -1: -------------------------------

Object in position (7,2) moved to (6,2)
 y\x  0 1 2 3 4 5 6 7 8 91011121314
 15: -------------------------------
 14: | | | | | | | | | | | | | | | |
 13: | | | | | | | | | | | | | | | |
 12: | | | | | | | | | | | | | | | |
 11: | | | | | | | | | | | | | | | |
 10: | | | | | | | | | | | | | | | |
  9: | | | | | | | | | | | | | | | |
  8: | | | | | | | | | | | | | | | |
  7: | | | | | | | | | | | | | | | |
  6: | | | | | | | | | | | | | | | |
  5: | | | | | | | | | | | | | | | |
  4: | | | | |O| | | | | | | | | | |
  3: | | | |O| | | | | | | | | | | |
  2: | | |O| | |O| | | | | | | | | |
  1: | | | | | | | | | | | | | | | |
  0: | | | | | | | | | | | | | | | |
 -1: -------------------------------

Object in position (4,2) moved to (5,3)
 y\x  0 1 2 3 4 5 6 7 8 91011121314
 15: -------------------------------
 14: | | | | | | | | | | | | | | | |
 13: | | | | | | | | | | | | | | | |
 12: | | | | | | | | | | | | | | | |
 11: | | | | | | | | | | | | | | | |
 10: | | | | | | | | | | | | | | | |
  9: | | | | | | | | | | | | | | | |
  8: | | | | | | | | | | | | | | | |
  7: | | | | | | | | | | | | | | | |
  6: | | | | | | | | | | | | | | | |
  5: | | | | | | | | | | | | | | | |
  4: | | | | |O| | | | | | | | | | |
  3: | | | |O| | | | | | | | | | | |
  2: | | |O| | |O| | | | | | | | | |
  1: | | | | | | | | | | | | | | | |
  0: | | | | | | | | | | | | | | | |
 -1: -------------------------------

Object in position (6,2) moved to (7,1)
 y\x  0 1 2 3 4 5 6 7 8 91011121314
 15: -------------------------------
 14: | | | | | | | | | | | | | | | |
 13: | | | | | | | | | | | | | | | |
 12: | | | | | | | | | | | | | | | |
 11: | | | | | | | | | | | | | | | |
 10: | | | | | | | | | | | | | | | |
  9: | | | | | | | | | | | | | | | |
  8: | | | | | | | | | | | | | | | |
  7: | | | | | | | | | | | | | | | |
  6: | | | | | | | | | | | | | | | |
  5: | | | | | | | | | | | | | | | |
  4: | | | | |O| | | | | | | | | | |
  3: | | | |O| | | | | | | | | | | |
  2: | | |O| | |O| | | | | | | | | |
  1: | | | | | | | | | | | | | | | |
  0: | | | | | | | | | | | | | | | |
 -1: -------------------------------

Object in position (5,3) moved to (6,3)
 y\x  0 1 2 3 4 5 6 7 8 91011121314
 15: -------------------------------
 14: | | | | | | | | | | | | | | | |
 13: | | | | | | | | | | | | | | | |
 12: | | | | | | | | | | | | | | | |
 11: | | | | | | | | | | | | | | | |
 10: | | | | | | | | | | | | | | | |
  9: | | | | | | | | | | | | | | | |
  8: | | | | | | | | | | | | | | | |
  7: | | | | | | | | | | | | | | | |
  6: | | | | | | | | | | | | | | | |
  5: | | | | | | | | | | | | | | | |
  4: | | | | |O| | | | | | | | | | |
  3: | | | |O| | | | | | | | | | | |
  2: | | |O| | |O| | | | | | | | | |
  1: | | | | | | | | | | | | | | | |
  0: | | | | | | | | | | | | | | | |
 -1: -------------------------------

Object in position (7,1) moved to (8,1)
 y\x  0 1 2 3 4 5 6 7 8 91011121314
 15: -------------------------------
 14: | | | | | | | | | | | | | | | |
 13: | | | | | | | | | | | | | | | |
 12: | | | | | | | | | | | | | | | |
 11: | | | | | | | | | | | | | | | |
 10: | | | | | | | | | | | | | | | |
  9: | | | | | | | | | | | | | | | |
  8: | | | | | | | | | | | | | | | |
  7: | | | | | | | | | | | | | | | |
  6: | | | | | | | | | | | | | | | |
  5: | | | | | | | | | | | | | | | |
  4: | | | | |O| | | | | | | | | | |
  3: | | | |O| | | | | | | | | | | |
  2: | | |O| | |O| | | | | | | | | |
  1: | | | | | | | | | | | | | | | |
  0: | | | | | | | | | | | | | | | |
 -1: -------------------------------

Object in position (6,3) moved to (7,2)
 y\x  0 1 2 3 4 5 6 7 8 91011121314
 15: -------------------------------
 14: | | | | | | | | | | | | | | | |
 13: | | | | | | | | | | | | | | | |
 12: | | | | | | | | | | | | | | | |
 11: | | | | | | | | | | | | | | | |
 10: | | | | | | | | | | | | | | | |
  9: | | | | | | | | | | | | | | | |
  8: | | | | | | | | | | | | | | | |
  7: | | | | | | | | | | | | | | | |
  6: | | | | | | | | | | | | | | | |
  5: | | | | | | | | | | | | | | | |
  4: | | | | |O| | | | | | | | | | |
  3: | | | |O| | | | | | | | | | | |
  2: | | |O| | |O| | | | | | | | | |
  1: | | | | | | | | | | | | | | | |
  0: | | | | | | | | | | | | | | | |
 -1: -------------------------------

Object in position (8,1) moved to (9,2)
 y\x  0 1 2 3 4 5 6 7 8 91011121314
 15: -------------------------------
 14: | | | | | | | | | | | | | | | |
 13: | | | | | | | | | | | | | | | |
 12: | | | | | | | | | | | | | | | |
 11: | | | | | | | | | | | | | | | |
 10: | | | | | | | | | | | | | | | |
  9: | | | | | | | | | | | | | | | |
  8: | | | | | | | | | | | | | | | |
  7: | | | | | | | | | | | | | | | |
  6: | | | | | | | | | | | | | | | |
  5: | | | | | | | | | | | | | | | |
  4: | | | | |O| | | | | | | | | | |
  3: | | | |O| | | | | | | | | | | |
  2: | | |O| | |O| | | | | | | | | |
  1: | | | | | | | | | | | | | | | |
  0: | | | | | | | | | | | | | | | |
 -1: -------------------------------

Object in position (7,2) moved to (7,1)
 y\x  0 1 2 3 4 5 6 7 8 91011121314
 15: -------------------------------
 14: | | | | | | | | | | | | | | | |
 13: | | | | | | | | | | | | | | | |
 12: | | | | | | | | | | | | | | | |
 11: | | | | | | | | | | | | | | | |
 10: | | | | | | | | | | | | | | | |
  9: | | | | | | | | | | | | | | | |
  8: | | | | | | | | | | | | | | | |
  7: | | | | | | | | | | | | | | | |
  6: | | | | | | | | | | | | | | | |
  5: | | | | | | | | | | | | | | | |
  4: | | | | |O| | | | | | | | | | |
  3: | | | |O| | | | | | | | | | | |
  2: | | |O| | |O| | | | | | | | | |
  1: | | | | | | | | | | | | | | | |
  0: | | | | | | | | | | | | | | | |
 -1: -------------------------------

Object in position (7,1) moved to (7,2)
 y\x  0 1 2 3 4 5 6 7 8 91011121314
 15: -------------------------------
 14: | | | | | | | | | | | | | | | |
 13: | | | | | | | | | | | | | | | |
 12: | | | | | | | | | | | | | | | |
 11: | | | | | | | | | | | | | | | |
 10: | | | | | | | | | | | | | | | |
  9: | | | | | | | | | | | | | | | |
  8: | | | | | | | | | | | | | | | |
  7: | | | | | | | | | | | | | | | |
  6: | | | | | | | | | | | | | | | |
  5: | | | | | | | | | | | | | | | |
  4: | | | | |O| | | | | | | | | | |
  3: | | | |O| | | | | | | | | | | |
  2: | | |O| | |O| | | | | | | | | |
  1: | | | | | | | | | | | | | | | |
  0: | | | | | | | | | | | | | | | |
 -1: -------------------------------

