Object in position (0,0) moved to (1,0)
 y\x  0 1 2 3 4
  5: -----------
  4: |*|*| |*| |
  3: |O|*|*| | |
  2: |*|*| | | |
  1: |O|O|O|*| |
  0: |O|N| | | |
 -1: -----------

Object in position (1,0) moved to (0,3)
 y\x  0 1 2 3 4
  5: -----------
  4: |*|*| |*| |
  3: |NE|*|*| | |
  2: |*|*| | | |
  1: |O|O|O|*| |
  0: |O|O| | | |
 -1: -----------

Object in position (0,3) moved to (1,2)
 y\x  0 1 2 3 4
  5: -----------
  4: |*|*| |*| |
  3: |O|*|*| | |
  2: |*|SE| | | |
  1: |O|O|O|*| |
  0: |O|O| | | |
 -1: -----------

Object in position (1,2) moved to (1,0)
 y\x  0 1 2 3 4
  5: -----------
  4: |*|*| |*| |
  3: |O|*|*| | |
  2: |*| | | | |
  1: |O|O|O|*| |
  0: |O|SW| | | |
 -1: -----------

Object in position (1,0) moved to (2,0)
 y\x  0 1 2 3 4
  5: -----------
  4: |*|*| |*| |
  3: |O|*|*| | |
  2: |*| | | | |
  1: |O|O|O|*| |
  0: |O|O|E| | |
 -1: -----------

